sample.interval=20000
"anyDuplicated" "[.data.frame" "[" "FUN" "lapply" "split.data.frame" "split" "expand_actions" "parse_metadata" 
"[.data.frame" "[" "FUN" "lapply" "split.data.frame" "split" "expand_actions" "parse_metadata" 
"sys.call" "match" "%in%" "[.data.frame" "[" "FUN" "lapply" "split.data.frame" "split" "expand_actions" "parse_metadata" 
"[[.data.frame" "[[" "[.data.frame" "[" "FUN" "lapply" "do.call" "expand_actions" "parse_metadata" 
"cbind" "invert_match" "<Anonymous>" "mapply" "str_split" "check_string" "str_trim" "expand_code" "FUN" "lapply" "do.call" "expand_actions" "parse_metadata" 
"[<-" "FUN" "lapply" "do.call" "expand_actions" "parse_metadata" 
"str_pad" "FUN" "lapply" "expand_code" "FUN" "lapply" "do.call" "expand_actions" "parse_metadata" 
"FUN" "lapply" "unlist" "Filter" "compact" "do.call" "re_call" "str_detect" "FUN" "lapply" "expand_code" "FUN" "lapply" "do.call" "expand_actions" "parse_metadata" 
"as.character" "as.character" "paste" "FUN" "vapply" "str_dup" "str_pad" "FUN" "lapply" "expand_code" "FUN" "lapply" "do.call" "expand_actions" "parse_metadata" 
"str_sub" "str_extract" "expand_code" "FUN" "lapply" "do.call" "expand_actions" "parse_metadata" 
"vapply" "recyclable" "check_pattern" "str_detect" "FUN" "lapply" "expand_code" "FUN" "lapply" "do.call" "expand_actions" "parse_metadata" 
"gregexpr" "do.call" "re_call" "str_locate_all" "str_extract_all" "FUN" "lapply" "expand_code" "FUN" "lapply" "do.call" "expand_actions" "parse_metadata" 
"[.data.frame" "[" "FUN" "lapply" "do.call" "expand_actions" "parse_metadata" 
"[.data.frame" "[" "FUN" "lapply" "do.call" "expand_actions" "parse_metadata" 
"gregexpr" "do.call" "re_call" "str_locate_all" "str_extract_all" "FUN" "lapply" "expand_code" "FUN" "lapply" "do.call" "expand_actions" "parse_metadata" 
"FUN" "lapply" "do.call" "expand_actions" "parse_metadata" 
"%in%" "deparse" "mode" "match" "%in%" "deparse" "as.data.frame.character" "as.data.frame" "data.frame" "str_dup" "str_pad" "FUN" "lapply" "expand_code" "FUN" "lapply" "do.call" "expand_actions" "parse_metadata" 
"match.arg" "str_trim" "expand_code" "FUN" "lapply" "do.call" "expand_actions" "parse_metadata" 
"data.frame" "str_dup" "str_pad" "FUN" "lapply" "expand_code" "FUN" "lapply" "do.call" "expand_actions" "parse_metadata" 
".deparseOpts" "deparse" "mode" "match" "%in%" "deparse" "as.data.frame.character" "as.data.frame" "data.frame" "str_dup" "str_pad" "FUN" "lapply" "expand_code" "FUN" "lapply" "do.call" "expand_actions" "parse_metadata" 
"make.unique" "[.data.frame" "[" "FUN" "lapply" "do.call" "expand_actions" "parse_metadata" 
"[.factor" "[" "rep.int" "paste" "FUN" "vapply" "str_dup" "str_pad" "FUN" "lapply" "expand_code" "FUN" "lapply" "do.call" "expand_actions" "parse_metadata" 
"lapply" "expand_code" "FUN" "lapply" "do.call" "expand_actions" "parse_metadata" 
"[[.data.frame" "[[" "[.data.frame" "[" "FUN" "lapply" "do.call" "expand_actions" "parse_metadata" 
"[.data.frame" "[" "FUN" "lapply" "do.call" "expand_actions" "parse_metadata" 
"[.data.frame" "[" "FUN" "lapply" "do.call" "expand_actions" "parse_metadata" 
"deparse" "paste" "force" "as.data.frame.numeric" "as.data.frame" "data.frame" "str_dup" "str_pad" "FUN" "lapply" "expand_code" "FUN" "lapply" "do.call" "expand_actions" "parse_metadata" 
"paste" "do.call" "str_c" "str_pad" "FUN" "lapply" "expand_code" "FUN" "lapply" "do.call" "expand_actions" "parse_metadata" 
"is.perl" "re_call" "str_detect" "FUN" "lapply" "expand_code" "FUN" "lapply" "do.call" "expand_actions" "parse_metadata" 
"length" "length" "data.frame" "str_dup" "str_pad" "FUN" "lapply" "expand_code" "FUN" "lapply" "do.call" "expand_actions" "parse_metadata" 
"all" "[.data.frame" "[" "FUN" "lapply" "do.call" "expand_actions" "parse_metadata" 
"as.list" "data.frame" "str_dup" "str_pad" "FUN" "lapply" "expand_code" "FUN" "lapply" "do.call" "expand_actions" "parse_metadata" 
"as.character" "as.character" "FUN" "lapply" "do.call" "expand_actions" "parse_metadata" 
"str_sub" "<Anonymous>" "mapply" "str_split" "check_string" "str_trim" "expand_code" "FUN" "lapply" "do.call" "expand_actions" "parse_metadata" 
"str_sub" "<Anonymous>" "mapply" "str_split" "check_string" "str_trim" "expand_code" "FUN" "lapply" "do.call" "expand_actions" "parse_metadata" 
"str_length" "str_sub" "FUN" "lapply" "str_extract_all" "sort" "FUN" "lapply" "expand_code" "FUN" "lapply" "do.call" "expand_actions" "parse_metadata" 
"match" "%in%" "deparse" "eval" "match.arg" "sort.int" "sort.default" "sort" "FUN" "lapply" "expand_code" "FUN" "lapply" "do.call" "expand_actions" "parse_metadata" 
"!" "check_pattern" "str_detect" "FUN" "lapply" "expand_code" "FUN" "lapply" "do.call" "expand_actions" "parse_metadata" 
"structure" "rep.factor" "rep" "data.frame" "str_dup" "str_pad" "FUN" "lapply" "expand_code" "FUN" "lapply" "do.call" "expand_actions" "parse_metadata" 
"match" "%in%" "[.data.frame" "[" "FUN" "lapply" "do.call" "expand_actions" "parse_metadata" 
"any" "stopifnot" "str_trim" "expand_code" "FUN" "lapply" "do.call" "expand_actions" "parse_metadata" 
"vapply" "recyclable" "check_pattern" "str_split" "unlist" "check_string" "str_trim" "comma_split" "matrix" "FUN" "lapply" "do.call" "expand_actions" "parse_metadata" 
"str_sub" "<Anonymous>" "mapply" "str_split" "unlist" "check_string" "str_trim" "comma_split" "matrix" "FUN" "lapply" "do.call" "expand_actions" "parse_metadata" 
"match.arg" "sort.list" "factor" "as.data.frame.character" "as.data.frame" "data.frame" "str_dup" "str_pad" "FUN" "lapply" "expand_code" "FUN" "lapply" "do.call" "expand_actions" "parse_metadata" 
"[[.data.frame" "[[" "[.data.frame" "[" "FUN" "lapply" "do.call" "expand_actions" "parse_metadata" 
"==" "FUN" "lapply" "str_locate_all" "str_split" "unlist" "check_string" "str_trim" "comma_split" "matrix" "FUN" "lapply" "do.call" "expand_actions" "parse_metadata" 
"is.matrix" "is.matrix" "rbind" "<Anonymous>" "do.call" "expand_actions" "parse_metadata" 
"%in%" "[[.data.frame" "[[" "rbind" "<Anonymous>" "do.call" "expand_actions" "parse_metadata" 
"rbind" "<Anonymous>" "do.call" "expand_actions" "parse_metadata" 
"rbind" "<Anonymous>" "do.call" "expand_actions" "parse_metadata" 
"unclass" "rbind" "<Anonymous>" "do.call" "expand_actions" "parse_metadata" 
"match" "factor" "as.factor" "split.default" "split" "[<-.data.frame" "[<-" "colclasses_metadata" "parse_metadata" 
"FUN" "lapply" "split.data.frame" "split" "rows_to_actions" "parse_metadata" 
"seq_along" "[.data.frame" "[" "FUN" "lapply" "split.data.frame" "split" "rows_to_actions" "parse_metadata" 
"%in%" "[[.data.frame" "[[" "[.data.frame" "[" "FUN" "lapply" "split.data.frame" "split" "rows_to_actions" "parse_metadata" 
"[.data.frame" "[" "FUN" "lapply" "split.data.frame" "split" "rows_to_actions" "parse_metadata" 
"[.data.frame" "[" "FUN" "lapply" "split.data.frame" "split" "rows_to_actions" "parse_metadata" 
"[.data.frame" "[" "FUN" "lapply" "split.data.frame" "split" "rows_to_actions" "parse_metadata" 
"[.data.frame" "[" "FUN" "lapply" "split.data.frame" "split" "rows_to_actions" "parse_metadata" 
"<Anonymous>" "[[.data.frame" "[[" "[.data.frame" "[" "FUN" "lapply" "split.data.frame" "split" "rows_to_actions" "parse_metadata" 
"[.data.frame" "[" "FUN" "lapply" "split.data.frame" "split" "rows_to_actions" "parse_metadata" 
"dim" "[.data.frame" "[" "FUN" "lapply" "split.data.frame" "split" "rows_to_actions" "parse_metadata" 
"is.matrix" "<Anonymous>" "[[.data.frame" "[[" "[.data.frame" "[" "FUN" "lapply" "split.data.frame" "split" "rows_to_actions" "parse_metadata" 
"[[.data.frame" "[[" "[.data.frame" "[" "FUN" "lapply" "split.data.frame" "split" "rows_to_actions" "parse_metadata" 
"[.data.frame" "[" "FUN" "lapply" "split.data.frame" "split" "rows_to_actions" "parse_metadata" 
"<Anonymous>" "[[.data.frame" "[[" "[.data.frame" "[" "FUN" "lapply" "split.data.frame" "split" "rows_to_actions" "parse_metadata" 
"%in%" "[[.data.frame" "[[" "[.data.frame" "[" "FUN" "lapply" "split.data.frame" "split" "rows_to_actions" "parse_metadata" 
"all" "[[.data.frame" "[[" "[.data.frame" "[" "FUN" "lapply" "split.data.frame" "split" "rows_to_actions" "parse_metadata" 
"[.data.frame" "[" "FUN" "lapply" "split.data.frame" "split" "rows_to_actions" "parse_metadata" 
"[.data.frame" "[" "FUN" "lapply" "split.data.frame" "split" "rows_to_actions" "parse_metadata" 
"[.data.frame" "[" "FUN" "lapply" "split.data.frame" "split" "rows_to_actions" "parse_metadata" 
"rows_to_actions" "parse_metadata" 
"deparse" "mode" "match" "%in%" "deparse" "as.data.frame.character" "as.data.frame" "data.frame" "FUN" "lapply" "do.call" "rows_to_actions" "parse_metadata" 
"mode" "match" "%in%" "deparse" "as.data.frame.character" "as.data.frame" "data.frame" "FUN" "lapply" "do.call" "rows_to_actions" "parse_metadata" 
"$" "FUN" "lapply" "do.call" "rows_to_actions" "parse_metadata" 
"match" "%in%" "deparse" "mode" "match" "%in%" "deparse" "as.data.frame.character" "as.data.frame" "data.frame" "FUN" "lapply" "do.call" "rows_to_actions" "parse_metadata" 
"data.frame" "FUN" "lapply" "do.call" "rows_to_actions" "parse_metadata" 
"row.names<-" "rownames<-" "FUN" "lapply" "do.call" "rows_to_actions" "parse_metadata" 
"pmatch" ".deparseOpts" "deparse" "mode" "match" "%in%" "deparse" "as.data.frame.character" "as.data.frame" "data.frame" "FUN" "lapply" "do.call" "rows_to_actions" "parse_metadata" 
"any" "na.omit.data.frame" "na.omit" "FUN" "lapply" "do.call" "rows_to_actions" "parse_metadata" 
"as.data.frame.vector" "as.data.frame.character" "as.data.frame" "data.frame" "FUN" "lapply" "do.call" "rows_to_actions" "parse_metadata" 
"names" "names" "data.frame" "FUN" "lapply" "do.call" "rows_to_actions" "parse_metadata" 
".subset2" "<Anonymous>" "[[.data.frame" "[[" "[.data.frame" "[" "na.omit.data.frame" "na.omit" "FUN" "lapply" "do.call" "rows_to_actions" "parse_metadata" 
"as.list" "data.frame" "FUN" "lapply" "do.call" "rows_to_actions" "parse_metadata" 
"names" "names" "data.frame" "FUN" "lapply" "do.call" "rows_to_actions" "parse_metadata" 
"as.data.frame" "data.frame" "FUN" "lapply" "do.call" "rows_to_actions" "parse_metadata" 
"match" "%in%" "deparse" "paste" "as.data.frame.AsIs" "as.data.frame" "data.frame" "FUN" "lapply" "do.call" "rows_to_actions" "parse_metadata" 
"match" "%in%" "as.data.frame.character" "as.data.frame" "data.frame" "FUN" "lapply" "do.call" "rows_to_actions" "parse_metadata" 
"deparse" "mode" "match" "%in%" "deparse" "as.data.frame.character" "as.data.frame" "data.frame" "FUN" "lapply" "do.call" "rows_to_actions" "parse_metadata" 
".deparseOpts" "deparse" "mode" "match" "%in%" "deparse" "as.data.frame.character" "as.data.frame" "data.frame" "FUN" "lapply" "do.call" "rows_to_actions" "parse_metadata" 
"any" ".deparseOpts" "deparse" "as.data.frame.character" "as.data.frame" "data.frame" "FUN" "lapply" "do.call" "rows_to_actions" "parse_metadata" 
"match" "%in%" "[.data.frame" "[" "na.omit.data.frame" "na.omit" "FUN" "lapply" "do.call" "rows_to_actions" "parse_metadata" 
"deparse" "paste" "force" "as.data.frame.numeric" "as.data.frame" "data.frame" "FUN" "lapply" "do.call" "rows_to_actions" "parse_metadata" 
"as.data.frame.vector" "as.data.frame.character" "as.data.frame" "data.frame" "FUN" "lapply" "do.call" "rows_to_actions" "parse_metadata" 
"FUN" "lapply" "do.call" "rows_to_actions" "parse_metadata" 
"as.list" "data.frame" "FUN" "lapply" "do.call" "rows_to_actions" "parse_metadata" 
"list" "as.data.frame.vector" "as.data.frame.character" "as.data.frame" "data.frame" "FUN" "lapply" "do.call" "rows_to_actions" "parse_metadata" 
"any" ".deparseOpts" "deparse" "paste" "as.data.frame.AsIs" "as.data.frame" "data.frame" "FUN" "lapply" "do.call" "rows_to_actions" "parse_metadata" 
"names" "names" "data.frame" "FUN" "lapply" "do.call" "rows_to_actions" "parse_metadata" 
"[.data.frame" "[" "na.omit.data.frame" "na.omit" "FUN" "lapply" "do.call" "rows_to_actions" "parse_metadata" 
"attr" "[.data.frame" "[" "na.omit.data.frame" "na.omit" "FUN" "lapply" "do.call" "rows_to_actions" "parse_metadata" 
".set_row_names" "row.names<-.data.frame" "row.names<-" "rownames<-" "FUN" "lapply" "do.call" "rows_to_actions" "parse_metadata" 
"$" "data.frame" "FUN" "lapply" "do.call" "rows_to_actions" "parse_metadata" 
"any" ".deparseOpts" "deparse" "mode" "match" "%in%" "deparse" "paste" "force" "as.data.frame.numeric" "as.data.frame" "data.frame" "FUN" "lapply" "do.call" "rows_to_actions" "parse_metadata" 
"[[.data.frame" "[[" "[.data.frame" "[" "na.omit.data.frame" "na.omit" "FUN" "lapply" "do.call" "rows_to_actions" "parse_metadata" 
"as.list" "data.frame" "FUN" "lapply" "do.call" "rows_to_actions" "parse_metadata" 
".row_names_info" "[.data.frame" "[" "na.omit" "FUN" "lapply" "do.call" "rows_to_actions" "parse_metadata" 
"as.list" "data.frame" "FUN" "lapply" "do.call" "rows_to_actions" "parse_metadata" 
"as.data.frame" "data.frame" "FUN" "lapply" "do.call" "rows_to_actions" "parse_metadata" 
"$" "data.frame" "FUN" "lapply" "do.call" "rows_to_actions" "parse_metadata" 
"as.list" "data.frame" "FUN" "lapply" "do.call" "rows_to_actions" "parse_metadata" 
"make.names" "data.frame" "FUN" "lapply" "do.call" "rows_to_actions" "parse_metadata" 
"as.data.frame.vector" "as.data.frame.character" "as.data.frame" "data.frame" "FUN" "lapply" "do.call" "rows_to_actions" "parse_metadata" 
".set_row_names" "as.data.frame.numeric" "as.data.frame" "data.frame" "FUN" "lapply" "do.call" "rows_to_actions" "parse_metadata" 
"[.data.frame" "[" "na.omit" "FUN" "lapply" "do.call" "rows_to_actions" "parse_metadata" 
"%in%" "[.data.frame" "[" "na.omit.data.frame" "na.omit" "FUN" "lapply" "do.call" "rows_to_actions" "parse_metadata" 
"data.frame" "FUN" "lapply" "do.call" "rows_to_actions" "parse_metadata" 
"$" "data.frame" "FUN" "lapply" "do.call" "rows_to_actions" "parse_metadata" 
"mode" "match" "%in%" "deparse" "paste" "force" "as.data.frame.numeric" "as.data.frame" "data.frame" "FUN" "lapply" "do.call" "rows_to_actions" "parse_metadata" 
"data.frame" "FUN" "lapply" "do.call" "rows_to_actions" "parse_metadata" 
"data.frame" "FUN" "lapply" "do.call" "rows_to_actions" "parse_metadata" 
"as.data.frame" "data.frame" "FUN" "lapply" "do.call" "rows_to_actions" "parse_metadata" 
"structure" "[.data.frame" "[" "na.omit" "FUN" "lapply" "do.call" "rows_to_actions" "parse_metadata" 
"%in%" "deparse" "mode" "match" "%in%" "deparse" "paste" "force" "as.data.frame.numeric" "as.data.frame" "data.frame" "FUN" "lapply" "do.call" "rows_to_actions" "parse_metadata" 
"[.data.frame" "[" "na.omit.data.frame" "na.omit" "FUN" "lapply" "do.call" "rows_to_actions" "parse_metadata" 
"any" ".deparseOpts" "deparse" "mode" "match" "%in%" "deparse" "as.data.frame.character" "as.data.frame" "data.frame" "FUN" "lapply" "do.call" "rows_to_actions" "parse_metadata" 
".deparseOpts" "deparse" "as.data.frame.character" "as.data.frame" "data.frame" "FUN" "lapply" "do.call" "rows_to_actions" "parse_metadata" 
"deparse" "mode" "match" "%in%" "deparse" "paste" "as.data.frame.AsIs" "as.data.frame" "data.frame" "FUN" "lapply" "do.call" "rows_to_actions" "parse_metadata" 
".deparseOpts" "deparse" "mode" "match" "%in%" "deparse" "paste" "force" "as.data.frame.numeric" "as.data.frame" "data.frame" "FUN" "lapply" "do.call" "rows_to_actions" "parse_metadata" 
"names" "names" "data.frame" "FUN" "lapply" "do.call" "rows_to_actions" "parse_metadata" 
"structure" "I" "data.frame" "FUN" "lapply" "do.call" "rows_to_actions" "parse_metadata" 
"data.frame" "FUN" "lapply" "do.call" "rows_to_actions" "parse_metadata" 
"any" ".deparseOpts" "deparse" "paste" "force" "as.data.frame.numeric" "as.data.frame" "data.frame" "FUN" "lapply" "do.call" "rows_to_actions" "parse_metadata" 
".row_names_info" "data.frame" "FUN" "lapply" "do.call" "rows_to_actions" "parse_metadata" 
"make.unique" "make.names" "data.frame" "FUN" "lapply" "do.call" "rows_to_actions" "parse_metadata" 
"length" "length" "[.data.frame" "[" "na.omit.data.frame" "na.omit" "FUN" "lapply" "do.call" "rows_to_actions" "parse_metadata" 
"names" "names" "data.frame" "FUN" "lapply" "do.call" "rows_to_actions" "parse_metadata" 
"data.frame" "FUN" "lapply" "do.call" "rows_to_actions" "parse_metadata" 
"deparse" "mode" "match" "%in%" "deparse" "as.data.frame.character" "as.data.frame" "data.frame" "FUN" "lapply" "do.call" "rows_to_actions" "parse_metadata" 
"anyDuplicated" "[.data.frame" "[" "na.omit.data.frame" "na.omit" "FUN" "lapply" "do.call" "rows_to_actions" "parse_metadata" 
"sum" ".deparseOpts" "deparse" "paste" "as.data.frame.AsIs" "as.data.frame" "data.frame" "FUN" "lapply" "do.call" "rows_to_actions" "parse_metadata" 
"list" "as.data.frame.AsIs" "as.data.frame" "data.frame" "FUN" "lapply" "do.call" "rows_to_actions" "parse_metadata" 
"length" "na.omit.data.frame" "na.omit" "FUN" "lapply" "do.call" "rows_to_actions" "parse_metadata" 
"data.frame" "FUN" "lapply" "do.call" "rows_to_actions" "parse_metadata" 
"data.frame" "FUN" "lapply" "do.call" "rows_to_actions" "parse_metadata" 
"force" "as.data.frame.numeric" "as.data.frame" "data.frame" "FUN" "lapply" "do.call" "rows_to_actions" "parse_metadata" 
"names" "names" "[.data.frame" "[" "na.omit" "FUN" "lapply" "do.call" "rows_to_actions" "parse_metadata" 
"anyDuplicated.default" "anyDuplicated" "[.data.frame" "[" "na.omit.data.frame" "na.omit" "FUN" "lapply" "do.call" "rows_to_actions" "parse_metadata" 
"<Anonymous>" "[[.data.frame" "[[" "na.omit.data.frame" "na.omit" "FUN" "lapply" "do.call" "rows_to_actions" "parse_metadata" 
".row_names_info" "data.frame" "FUN" "lapply" "do.call" "rows_to_actions" "parse_metadata" 
"as.data.frame" "data.frame" "FUN" "lapply" "do.call" "rows_to_actions" "parse_metadata" 
"length" "length" "data.frame" "FUN" "lapply" "do.call" "rows_to_actions" "parse_metadata" 
"match" "%in%" "deparse" "paste" "force" "as.data.frame.numeric" "as.data.frame" "data.frame" "FUN" "lapply" "do.call" "rows_to_actions" "parse_metadata" 
"mode" "match" "%in%" "deparse" "mode" "match" "%in%" "deparse" "paste" "force" "as.data.frame.numeric" "as.data.frame" "data.frame" "FUN" "lapply" "do.call" "rows_to_actions" "parse_metadata" 
"pmatch" ".deparseOpts" "deparse" "mode" "match" "%in%" "deparse" "as.data.frame.character" "as.data.frame" "data.frame" "FUN" "lapply" "do.call" "rows_to_actions" "parse_metadata" 
"unique" "structure" "I" "data.frame" "FUN" "lapply" "do.call" "rows_to_actions" "parse_metadata" 
"FUN" "lapply" "do.call" "rows_to_actions" "parse_metadata" 
"match" "%in%" "[.data.frame" "[" "na.omit" "FUN" "lapply" "do.call" "rows_to_actions" "parse_metadata" 
"as.data.frame" "data.frame" "FUN" "lapply" "do.call" "rows_to_actions" "parse_metadata" 
"[.data.frame" "[" "na.omit.data.frame" "na.omit" "FUN" "lapply" "do.call" "rows_to_actions" "parse_metadata" 
"match" "%in%" "[[.data.frame" "[[" "na.omit.data.frame" "na.omit" "FUN" "lapply" "do.call" "rows_to_actions" "parse_metadata" 
"[" "na.omit.data.frame" "na.omit" "FUN" "lapply" "do.call" "rows_to_actions" "parse_metadata" 
"as.list" "data.frame" "FUN" "lapply" "do.call" "rows_to_actions" "parse_metadata" 
"na.omit.data.frame" "na.omit" "FUN" "lapply" "do.call" "rows_to_actions" "parse_metadata" 
".deparseOpts" "deparse" "paste" "force" "as.data.frame.numeric" "as.data.frame" "data.frame" "FUN" "lapply" "do.call" "rows_to_actions" "parse_metadata" 
"make.names" "data.frame" "FUN" "lapply" "do.call" "rows_to_actions" "parse_metadata" 
"data.frame" "FUN" "lapply" "do.call" "rows_to_actions" "parse_metadata" 
"match" "%in%" "[[.data.frame" "[[" "na.omit.data.frame" "na.omit" "FUN" "lapply" "do.call" "rows_to_actions" "parse_metadata" 
"FUN" "lapply" "do.call" "rows_to_actions" "parse_metadata" 
"as.data.frame" "data.frame" "FUN" "lapply" "do.call" "rows_to_actions" "parse_metadata" 
"as.list" "data.frame" "FUN" "lapply" "do.call" "rows_to_actions" "parse_metadata" 
"deparse" "paste" "force" "as.data.frame.numeric" "as.data.frame" "data.frame" "FUN" "lapply" "do.call" "rows_to_actions" "parse_metadata" 
".subset" "[.data.frame" "[" "na.omit" "FUN" "lapply" "do.call" "rows_to_actions" "parse_metadata" 
".deparseOpts" "deparse" "as.data.frame.character" "as.data.frame" "data.frame" "FUN" "lapply" "do.call" "rows_to_actions" "parse_metadata" 
"sum" ".deparseOpts" "deparse" "as.data.frame.character" "as.data.frame" "data.frame" "FUN" "lapply" "do.call" "rows_to_actions" "parse_metadata" 
"structure" "[.data.frame" "[" "na.omit" "FUN" "lapply" "do.call" "rows_to_actions" "parse_metadata" 
"match" "%in%" "structure" "[.data.frame" "[" "na.omit" "FUN" "lapply" "do.call" "rows_to_actions" "parse_metadata" 
"data.frame" "FUN" "lapply" "do.call" "rows_to_actions" "parse_metadata" 
"rownames<-" "FUN" "lapply" "do.call" "rows_to_actions" "parse_metadata" 
"data.frame" "FUN" "lapply" "do.call" "rows_to_actions" "parse_metadata" 
"data.frame" "FUN" "lapply" "do.call" "rows_to_actions" "parse_metadata" 
"deparse" "paste" "force" "as.data.frame.numeric" "as.data.frame" "data.frame" "FUN" "lapply" "do.call" "rows_to_actions" "parse_metadata" 
"<Anonymous>" "[[.data.frame" "[[" "[.data.frame" "[" "na.omit.data.frame" "na.omit" "FUN" "lapply" "do.call" "rows_to_actions" "parse_metadata" 
"[[.data.frame" "[[" "[.data.frame" "[" "na.omit.data.frame" "na.omit" "FUN" "lapply" "do.call" "rows_to_actions" "parse_metadata" 
"as.data.frame.numeric" "as.data.frame" "data.frame" "FUN" "lapply" "do.call" "rows_to_actions" "parse_metadata" 
"data.frame" "FUN" "lapply" "do.call" "rows_to_actions" "parse_metadata" 
"na.omit.data.frame" "na.omit" "FUN" "lapply" "do.call" "rows_to_actions" "parse_metadata" 
"na.omit.data.frame" "na.omit" "FUN" "lapply" "do.call" "rows_to_actions" "parse_metadata" 
"as.data.frame.vector" "as.data.frame.character" "as.data.frame" "data.frame" "FUN" "lapply" "do.call" "rows_to_actions" "parse_metadata" 
"match" "%in%" "deparse" "as.data.frame.character" "as.data.frame" "data.frame" "FUN" "lapply" "do.call" "rows_to_actions" "parse_metadata" 
"nargs" "[[.data.frame" "[[" "[.data.frame" "[" "na.omit.data.frame" "na.omit" "FUN" "lapply" "do.call" "rows_to_actions" "parse_metadata" 
"deparse" "mode" "match" "%in%" "deparse" "paste" "force" "as.data.frame.numeric" "as.data.frame" "data.frame" "FUN" "lapply" "do.call" "rows_to_actions" "parse_metadata" 
"data.frame" "FUN" "lapply" "do.call" "rows_to_actions" "parse_metadata" 
".deparseOpts" "deparse" "mode" "match" "%in%" "deparse" "as.data.frame.character" "as.data.frame" "data.frame" "FUN" "lapply" "do.call" "rows_to_actions" "parse_metadata" 
"pmatch" ".deparseOpts" "deparse" "paste" "force" "as.data.frame.numeric" "as.data.frame" "data.frame" "FUN" "lapply" "do.call" "rows_to_actions" "parse_metadata" 
"names" "names" "data.frame" "FUN" "lapply" "do.call" "rows_to_actions" "parse_metadata" 
"make.names" "data.frame" "FUN" "lapply" "do.call" "rows_to_actions" "parse_metadata" 
"data.frame" "FUN" "lapply" "do.call" "rows_to_actions" "parse_metadata" 
".set_row_names" "as.data.frame.numeric" "as.data.frame" "data.frame" "FUN" "lapply" "do.call" "rows_to_actions" "parse_metadata" 
"<Anonymous>" "[[.data.frame" "[[" "[.data.frame" "[" "na.omit.data.frame" "na.omit" "FUN" "lapply" "do.call" "rows_to_actions" "parse_metadata" 
"dim.data.frame" "dim" "dim" "nrow" "logical" "na.omit.data.frame" "na.omit" "FUN" "lapply" "do.call" "rows_to_actions" "parse_metadata" 
"list" "rbind" "<Anonymous>" "do.call" "rows_to_actions" "parse_metadata" 
"vapply" "rbind" "<Anonymous>" "do.call" "rows_to_actions" "parse_metadata" 
"seq.int" "rbind" "<Anonymous>" "do.call" "rows_to_actions" "parse_metadata" 
"<Anonymous>" "[[.data.frame" "[[" "rbind" "<Anonymous>" "do.call" "rows_to_actions" "parse_metadata" 
"inherits" "rbind" "<Anonymous>" "do.call" "rows_to_actions" "parse_metadata" 
"match" "%in%" "[[.data.frame" "[[" "rbind" "<Anonymous>" "do.call" "rows_to_actions" "parse_metadata" 
"rbind" "<Anonymous>" "do.call" "rows_to_actions" "parse_metadata" 
"sys.call" "match" "%in%" "[[.data.frame" "[[" "rbind" "<Anonymous>" "do.call" "rows_to_actions" "parse_metadata" 
"[[.data.frame" "[[" "rbind" "<Anonymous>" "do.call" "rows_to_actions" "parse_metadata" 
"match" "%in%" "[[.data.frame" "[[" "rbind" "<Anonymous>" "do.call" "rows_to_actions" "parse_metadata" 
"all" "[[.data.frame" "[[" "rbind" "<Anonymous>" "do.call" "rows_to_actions" "parse_metadata" 
"all" "[[.data.frame" "[[" "rbind" "<Anonymous>" "do.call" "rows_to_actions" "parse_metadata" 
"all" "[[.data.frame" "[[" "rbind" "<Anonymous>" "do.call" "rows_to_actions" "parse_metadata" 
"all" "[[.data.frame" "[[" "rbind" "<Anonymous>" "do.call" "rows_to_actions" "parse_metadata" 
"match" "%in%" "[[.data.frame" "[[" "rbind" "<Anonymous>" "do.call" "rows_to_actions" "parse_metadata" 
"unclass" "rbind" "<Anonymous>" "do.call" "rows_to_actions" "parse_metadata" 
"rbind" "<Anonymous>" "do.call" "rows_to_actions" "parse_metadata" 
"rbind" "<Anonymous>" "do.call" "rows_to_actions" "parse_metadata" 
"rbind" "<Anonymous>" "do.call" "rows_to_actions" "parse_metadata" 
"rbind" "<Anonymous>" "do.call" "rows_to_actions" "parse_metadata" 
"rbind" "<Anonymous>" "do.call" "rows_to_actions" "parse_metadata" 
"rbind" "<Anonymous>" "do.call" "rows_to_actions" "parse_metadata" 
"rbind" "<Anonymous>" "do.call" "rows_to_actions" "parse_metadata" 
"rbind" "<Anonymous>" "do.call" "rows_to_actions" "parse_metadata" 
"rbind" "<Anonymous>" "do.call" "rows_to_actions" "parse_metadata" 
"rbind" "<Anonymous>" "do.call" "rows_to_actions" "parse_metadata" 
"rbind" "<Anonymous>" "do.call" "rows_to_actions" "parse_metadata" 
"structure" "I" "[.AsIs" "[" "[.data.frame" "[" "rows_to_actions" "parse_metadata" 
"structure" "[.data.frame" "[" "split" "rows_to_actions" "parse_metadata" 
"[.data.frame" "[" "FUN" "lapply" "split.data.frame" "split" "rows_to_actions" "parse_metadata" 
"all" "[[.data.frame" "[[" "[.data.frame" "[" "FUN" "lapply" "split.data.frame" "split" "rows_to_actions" "parse_metadata" 
"structure" "I" "[.AsIs" "[" "[.data.frame" "[" "FUN" "lapply" "split.data.frame" "split" "rows_to_actions" "parse_metadata" 
"[.data.frame" "[" "FUN" "lapply" "split.data.frame" "split" "rows_to_actions" "parse_metadata" 
"[.data.frame" "[" "FUN" "lapply" "split.data.frame" "split" "rows_to_actions" "parse_metadata" 
"structure" "I" "[.AsIs" "[" "[.data.frame" "[" "FUN" "lapply" "split.data.frame" "split" "rows_to_actions" "parse_metadata" 
"[[" "[.data.frame" "[" "FUN" "lapply" "split.data.frame" "split" "rows_to_actions" "parse_metadata" 
"sys.call" "match" "%in%" "[[.data.frame" "[[" "[.data.frame" "[" "FUN" "lapply" "split.data.frame" "split" "rows_to_actions" "parse_metadata" 
"str_sub" "<Anonymous>" "mapply" "str_split" "do.call" "make_wells" "parse_metadata" 
"as.integer" "substring" "str_sub" "<Anonymous>" "mapply" "str_split" "do.call" "make_wells" "parse_metadata" 
"str_sub" "<Anonymous>" "mapply" "str_split" "do.call" "make_wells" "parse_metadata" 
"nchar" "str_length" "str_sub" "<Anonymous>" "mapply" "str_split" "do.call" "make_wells" "parse_metadata" 
"filename<-.wellList" "filename<-" "make_wells" "parse_metadata" 
"as.list" "as.matrix.data.frame" "as.matrix" "apply" "FUN" "lapply" "parse_metadata" 
"unlist" "as.matrix.data.frame" "as.matrix" "apply" "FUN" "lapply" "parse_metadata" 
"apply" "FUN" "lapply" "parse_metadata" 
"levels" "as.matrix.data.frame" "as.matrix" "apply" "FUN" "lapply" "parse_metadata" 
"vapply" "ID.actionList" "ID" "FUN" "lapply" "parse_metadata" 
"FUN" "lapply" "parse_metadata" 
"as.list" "FUN" "apply" "FUN" "lapply" "parse_metadata" 
"length" "apply" "FUN" "lapply" "parse_metadata" 
"ID" "FUN" "lapply" "parse_metadata" 
"attr" "row.names.data.frame" "row.names" "as.matrix.data.frame" "as.matrix" "apply" "FUN" "lapply" "parse_metadata" 
"as.matrix.data.frame" "as.matrix" "apply" "FUN" "lapply" "parse_metadata" 
"apply" "FUN" "lapply" "parse_metadata" 
"levels" "as.matrix.data.frame" "as.matrix" "apply" "FUN" "lapply" "parse_metadata" 
"FUN" "apply" "FUN" "lapply" "parse_metadata" 
"FUN" "apply" "FUN" "lapply" "parse_metadata" 
"actionList<-.wellList" "actionList<-" "parse_metadata" 
"::" "match.fun" "lapply" "unlist" "unique" "output_template" "rbind.fill" "list_to_dataframe" "ldply" "ddply" "add_compounds" "structure" "+.Solution" "Reduce" "parse_metadata" 
"seq" "rbind.fill" "list_to_dataframe" "ldply" "ddply" "add_compounds" "structure" "+.Solution" "Reduce" "parse_metadata" 
"rbind" "rbind" "change_solvent" "structure" "+.Solution" "Reduce" "parse_metadata" 
"rbind" "rbind" "change_solvent" "structure" "+.Solution" "Reduce" "parse_metadata" 
"rbind" "rbind" "change_solvent" "structure" "+.Solution" "Reduce" "parse_metadata" 
"rbind" "rbind" "change_solvent" "structure" "+.Solution" "Reduce" "parse_metadata" 
"rbind" "rbind" "change_solvent" "structure" "+.Solution" "Reduce" "parse_metadata" 
"deparse" "mode" "match" "%in%" "deparse" "paste" "force" "as.data.frame.numeric" "as.data.frame" "data.frame" "rbind" "rbind_compounds" "add_compounds" "structure" "+.Solution" "Reduce" "parse_metadata" 
"lapply" "solution.actionList" "solution" "solution.well" "solution" "Reduce" "parse_metadata" 
"[.data.frame" "[" "list_to_dataframe" "ldply" "ddply" "add_compounds" "structure" "+.Solution" "Reduce" "parse_metadata" 
"match" "structure" "." "as.quoted" "ddply" "add_compounds" "structure" "+.Solution" "Reduce" "parse_metadata" 
"FUN" "FUN" "vapply" "Reduce" "parse_metadata" 
"stopifnot" "list_to_dataframe" "ldply" "ddply" "change_solvent" "structure" "+.Solution" "Reduce" "parse_metadata" 
"as.list" "data.frame" "rbind" "change_solvent" "structure" "+.Solution" "Reduce" "parse_metadata" 
"structure" "indexed_df" "splitter_d" "ddply" "change_solvent" "structure" "+.Solution" "Reduce" "parse_metadata" 
"rbind" "rbind" "rbind_compounds" "add_compounds" "structure" "+.Solution" "Reduce" "parse_metadata" 
".set_row_names" "row.names<-.data.frame" "row.names<-" "rownames<-" "unrowname" "list_to_dataframe" "ldply" "ddply" "add_compounds" "structure" "+.Solution" "Reduce" "parse_metadata" 
"quickdf" "split_labels" "splitter_d" "ddply" "change_solvent" "structure" "+.Solution" "Reduce" "parse_metadata" 
"attr" "levels.default" "levels" "rbind" "rbind" "rbind_compounds" "add_compounds" "structure" "+.Solution" "Reduce" "parse_metadata" 
"[[" "<Anonymous>" ".Call" "loop_apply" "llply" "ldply" "ddply" "change_solvent" "structure" "+.Solution" "Reduce" "parse_metadata" 
"output_template" "rbind.fill" "list_to_dataframe" "ldply" "ddply" "add_compounds" "structure" "+.Solution" "Reduce" "parse_metadata" 
"data.row.names" "data.frame" "cbind" "cbind" "unrowname" "list_to_dataframe" "ldply" "ddply" "change_solvent" "structure" "+.Solution" "Reduce" "parse_metadata" 
"match" "structure" "+.Solution" "Reduce" "parse_metadata" 
"deparse" "mode" "match" "%in%" "deparse" "paste" "force" "as.data.frame.numeric" "as.data.frame" "data.frame" "rbind" "rbind_compounds" "add_compounds" "structure" "+.Solution" "Reduce" "parse_metadata" 
"[<-.data.frame" "[<-" "names.indexed" "names" "names" "llply" "ldply" "ddply" "add_compounds" "structure" "+.Solution" "Reduce" "parse_metadata" 
"as.data.frame" "data.frame" ".fun" "<Anonymous>" ".Call" "loop_apply" "llply" "ldply" "ddply" "change_solvent" "structure" "+.Solution" "Reduce" "parse_metadata" 
"names" "names" "make_names" "list_to_dataframe" "ldply" "ddply" "add_compounds" "structure" "+.Solution" "Reduce" "parse_metadata" 
"data.frame" ".fun" "<Anonymous>" ".Call" "loop_apply" "llply" "ldply" "ddply" "add_compounds" "structure" "+.Solution" "Reduce" "parse_metadata" 
"unlist" "rbind.fill" "list_to_dataframe" "ldply" "ddply" "add_compounds" "structure" "+.Solution" "Reduce" "parse_metadata" 
".subset" "FUN" "lapply" "extract_rows" "[[.indexed_df" "[[" "<Anonymous>" ".Call" "loop_apply" "llply" "ldply" "ddply" "change_solvent" "structure" "+.Solution" "Reduce" "parse_metadata" 
"lapply" "eval.quoted" "splitter_d" "ddply" "add_compounds" "structure" "+.Solution" "Reduce" "parse_metadata" 
"pmatch" ".deparseOpts" "deparse" "mode" "match" "%in%" "deparse" "as.data.frame.character" "as.data.frame" "data.frame" ".fun" "<Anonymous>" ".Call" "loop_apply" "llply" "ldply" "ddply" "add_compounds" "structure" "+.Solution" "Reduce" "parse_metadata" 
"structure" "." "as.quoted" "ddply" "change_solvent" "structure" "+.Solution" "Reduce" "parse_metadata" 
"list" "do.call" "names.indexed" "names" "names" "llply" "ldply" "ddply" "change_solvent" "structure" "+.Solution" "Reduce" "parse_metadata" 
"deparse" "mode" "match" "%in%" "deparse" "as.data.frame.character" "as.data.frame" "data.frame" ".fun" "<Anonymous>" ".Call" "loop_apply" "llply" "ldply" "ddply" "add_compounds" "structure" "+.Solution" "Reduce" "parse_metadata" 
"rownames<-" "unrowname" "list_to_dataframe" "ldply" "ddply" "change_solvent" "structure" "+.Solution" "Reduce" "parse_metadata" 
"is.na" ".deparseOpts" "deparse" "paste" "force" "as.data.frame.numeric" "as.data.frame" "data.frame" "rbind" "change_solvent" "structure" "+.Solution" "Reduce" "parse_metadata" 
"match.fun" "vapply" "list_to_dataframe" "ldply" "ddply" "change_solvent" "structure" "+.Solution" "Reduce" "parse_metadata" 
"paste" "force" "as.data.frame.numeric" "as.data.frame" "data.frame" "rbind" "change_solvent" "structure" "+.Solution" "Reduce" "parse_metadata" 
"as.data.frame" "data.frame" "rbind" "change_solvent" "structure" "+.Solution" "Reduce" "parse_metadata" 
"match" "structure" "[.data.frame" "[" "list_to_dataframe" "ldply" "ddply" "add_compounds" "structure" "+.Solution" "Reduce" "parse_metadata" 
"llply" "ldply" "ddply" "add_compounds" "structure" "+.Solution" "Reduce" "parse_metadata" 
"anyDuplicated.default" "anyDuplicated" "[.data.frame" "[" "list_to_dataframe" "ldply" "ddply" "change_solvent" "structure" "+.Solution" "Reduce" "parse_metadata" 
"quickdf" "split_labels" "splitter_d" "ddply" "change_solvent" "structure" "+.Solution" "Reduce" "parse_metadata" 
"as.data.frame.vector" "as.data.frame.character" "as.data.frame" "data.frame" ".fun" "<Anonymous>" ".Call" "loop_apply" "llply" "ldply" "ddply" "add_compounds" "structure" "+.Solution" "Reduce" "parse_metadata" 
"dim" "dim" "nrow" "[.data.frame" "[" "list_to_dataframe" "ldply" "ddply" "add_compounds" "structure" "+.Solution" "Reduce" "parse_metadata" 
"names" "names" "rbind" "rbind" "change_solvent" "structure" "+.Solution" "Reduce" "parse_metadata" 
"names" "data.frame" "cbind" "cbind" "unrowname" "list_to_dataframe" "ldply" "ddply" "change_solvent" "structure" "+.Solution" "Reduce" "parse_metadata" 
"match" "%in%" "structure" "[.data.frame" "[" "list_to_dataframe" "ldply" "ddply" "add_compounds" "structure" "+.Solution" "Reduce" "parse_metadata" 
"as.list" "data.frame" "cbind" "cbind" "unrowname" "list_to_dataframe" "ldply" "ddply" "add_compounds" "structure" "+.Solution" "Reduce" "parse_metadata" 
"deparse" "paste" "force" "as.data.frame.numeric" "as.data.frame" "data.frame" "rbind" "rbind_compounds" "add_compounds" "structure" "+.Solution" "Reduce" "parse_metadata" 
"FUN" "FUN" "vapply" "rbind" "rbind" "rbind_compounds" "add_compounds" "structure" "+.Solution" "Reduce" "parse_metadata" 
"rbind" "rbind" "rbind_compounds" "add_compounds" "structure" "+.Solution" "Reduce" "parse_metadata" 
"[[" "FUN" "lapply" "eval.quoted" "splitter_d" "ddply" "change_solvent" "structure" "+.Solution" "Reduce" "parse_metadata" 
"id_var" "id" "splitter_d" "ddply" "add_compounds" "structure" "+.Solution" "Reduce" "parse_metadata" 
"parse_metadata" 
"any" ".deparseOpts" "deparse" "paste" "force" "as.data.frame.numeric" "as.data.frame" "data.frame" ".fun" "<Anonymous>" ".Call" "loop_apply" "llply" "ldply" "ddply" "change_solvent" "structure" "+.Solution" "Reduce" "parse_metadata" 
"structure" "splitter_d" "ddply" "change_solvent" "structure" "+.Solution" "Reduce" "parse_metadata" 
"dim.data.frame" "dim" "dim" "nrow" "[.data.frame" "[" "list_to_dataframe" "ldply" "ddply" "add_compounds" "structure" "+.Solution" "Reduce" "parse_metadata" 
"[[" "lapply" "solution.actionList" "solution" "solution.well" "solution" "Reduce" "parse_metadata" 
"make_names" "list_to_dataframe" "ldply" "ddply" "add_compounds" "structure" "+.Solution" "Reduce" "parse_metadata" 
"rbind" "rbind" "rbind_compounds" "add_compounds" "structure" "+.Solution" "Reduce" "parse_metadata" 
"lapply" "unlist" "names.quoted" "names" "names" "eval.quoted" "splitter_d" "ddply" "add_compounds" "structure" "+.Solution" "Reduce" "parse_metadata" 
"[[.data.frame" "[[" "[.data.frame" "[" "list_to_dataframe" "ldply" "ddply" "change_solvent" "structure" "+.Solution" "Reduce" "parse_metadata" 
"stopifnot" "quickdf" "split_labels" "splitter_d" "ddply" "add_compounds" "structure" "+.Solution" "Reduce" "parse_metadata" 
"sort" "id_var" "id" "splitter_d" "ddply" "change_solvent" "structure" "+.Solution" "Reduce" "parse_metadata" 
"lapply" "unlist" "names.quoted" "names" "names" "eval.quoted" "splitter_d" "ddply" "add_compounds" "structure" "+.Solution" "Reduce" "parse_metadata" 
"dim" "dim" "nrow" "[.data.frame" "[" "list_to_dataframe" "ldply" "ddply" "change_solvent" "structure" "+.Solution" "Reduce" "parse_metadata" 
"match" "%in%" "structure" "id_var" "id" "splitter_d" "ddply" "change_solvent" "structure" "+.Solution" "Reduce" "parse_metadata" 
"FUN" "lapply" "solution.actionList" "solution" "solution.well" "solution" "Reduce" "parse_metadata" 
"structure" "[.data.frame" "[" "list_to_dataframe" "ldply" "ddply" "add_compounds" "structure" "+.Solution" "Reduce" "parse_metadata" 
"data.frame" "cbind" "cbind" "unrowname" "list_to_dataframe" "ldply" "ddply" "add_compounds" "structure" "+.Solution" "Reduce" "parse_metadata" 
"deparse" "mode" "match" "%in%" "deparse" "as.data.frame.character" "as.data.frame" "data.frame" ".fun" "<Anonymous>" ".Call" "loop_apply" "llply" "ldply" "ddply" "add_compounds" "structure" "+.Solution" "Reduce" "parse_metadata" 
"is.na" "stopifnot" "splitter_d" "ddply" "add_compounds" "structure" "+.Solution" "Reduce" "parse_metadata" 
"vapply" "list_to_dataframe" "ldply" "ddply" "change_solvent" "structure" "+.Solution" "Reduce" "parse_metadata" 
"c" "c" "do.call" "names.indexed" "names" "names" "llply" "ldply" "ddply" "add_compounds" "structure" "+.Solution" "Reduce" "parse_metadata" 
"unlist" "rbind" "rbind" "change_solvent" "structure" "+.Solution" "Reduce" "parse_metadata" 
".deparseOpts" "deparse" "paste" "force" "as.data.frame.numeric" "as.data.frame" "data.frame" "rbind" "change_solvent" "structure" "+.Solution" "Reduce" "parse_metadata" 
"rbind.fill" "list_to_dataframe" "ldply" "ddply" "add_compounds" "structure" "+.Solution" "Reduce" "parse_metadata" 
"nrow" "integer" "data.frame" "rbind" "rbind_compounds" "add_compounds" "structure" "+.Solution" "Reduce" "parse_metadata" 
"deparse" "mode" "match" "%in%" "deparse" "as.data.frame.character" "as.data.frame" "data.frame" ".fun" "<Anonymous>" ".Call" "loop_apply" "llply" "ldply" "ddply" "add_compounds" "structure" "+.Solution" "Reduce" "parse_metadata" 
"make.names" "data.frame" ".fun" "<Anonymous>" ".Call" "loop_apply" "llply" "ldply" "ddply" "change_solvent" "structure" "+.Solution" "Reduce" "parse_metadata" 
"id_var" "id" "splitter_d" "ddply" "add_compounds" "structure" "+.Solution" "Reduce" "parse_metadata" 
"make.names" "data.frame" "rbind" "rbind_compounds" "add_compounds" "structure" "+.Solution" "Reduce" "parse_metadata" 
"data.frame" "cbind" "cbind" "unrowname" "list_to_dataframe" "ldply" "ddply" "change_solvent" "structure" "+.Solution" "Reduce" "parse_metadata" 
"mode" "match" "%in%" "deparse" "paste" "force" "as.data.frame.numeric" "as.data.frame" "data.frame" "rbind" "rbind_compounds" "add_compounds" "structure" "+.Solution" "Reduce" "parse_metadata" 
"match" "[.data.frame" "[" "list_to_dataframe" "ldply" "ddply" "add_compounds" "structure" "+.Solution" "Reduce" "parse_metadata" 
"FUN" "FUN" "vapply" "rbind" "rbind" "rbind_compounds" "add_compounds" "structure" "+.Solution" "Reduce" "parse_metadata" 
"lapply" "unlist" "order" "split_labels" "splitter_d" "ddply" "change_solvent" "structure" "+.Solution" "Reduce" "parse_metadata" 
"[[.data.frame" "[[" "extract_rows" "[[.indexed_df" "[[" "<Anonymous>" ".Call" "loop_apply" "llply" "ldply" "ddply" "add_compounds" "structure" "+.Solution" "Reduce" "parse_metadata" 
"character" "data.frame" "cbind" "cbind" "unrowname" "list_to_dataframe" "ldply" "ddply" "change_solvent" "structure" "+.Solution" "Reduce" "parse_metadata" 
"max" "data.frame" "rbind" "change_solvent" "structure" "+.Solution" "Reduce" "parse_metadata" 
"list_to_dataframe" "ldply" "ddply" "add_compounds" "structure" "+.Solution" "Reduce" "parse_metadata" 
"names" "names" "rbind" "rbind" "change_solvent" "structure" "+.Solution" "Reduce" "parse_metadata" 
"length" "length" "dim.data.frame" "dim" "dim" "ncol" "empty" "ddply" "change_solvent" "structure" "+.Solution" "Reduce" "parse_metadata" 
"any" "stopifnot" "quickdf" "split_labels" "splitter_d" "ddply" "change_solvent" "structure" "+.Solution" "Reduce" "parse_metadata" 
"as.list" "lapply" "names.indexed" "names" "names" "llply" "ldply" "ddply" "change_solvent" "structure" "+.Solution" "Reduce" "parse_metadata" 
"all" "[[.data.frame" "[[" "rbind" "rbind" "change_solvent" "structure" "+.Solution" "Reduce" "parse_metadata" 
"[<-.data.frame" "[<-" "names.indexed" "names" "names" "llply" "ldply" "ddply" "add_compounds" "structure" "+.Solution" "Reduce" "parse_metadata" 
"-" "matrix" "rbind.fill" "list_to_dataframe" "ldply" "ddply" "add_compounds" "structure" "+.Solution" "Reduce" "parse_metadata" 
"match.call" "stopifnot" "list_to_dataframe" "ldply" "ddply" "add_compounds" "structure" "+.Solution" "Reduce" "parse_metadata" 
"make.names" "data.frame" ".fun" "<Anonymous>" ".Call" "loop_apply" "llply" "ldply" "ddply" "add_compounds" "structure" "+.Solution" "Reduce" "parse_metadata" 
"make.names" "data.frame" "rbind" "change_solvent" "structure" "+.Solution" "Reduce" "parse_metadata" 
"inherits" "llply" "ldply" "ddply" "change_solvent" "structure" "+.Solution" "Reduce" "parse_metadata" 
"[[<-" "solution<-.well" "solution<-" "parse_metadata" 
"length" "length" "dim.data.frame" "dim" "dim" "ncol" "extract_rows" "[[.indexed_df" "[[" "<Anonymous>" ".Call" "loop_apply" "llply" "ldply" "ddply" "add_compounds" "structure" "+.Solution" "Reduce" "parse_metadata" 
"[[" "[.data.frame" "[" "list_to_dataframe" "ldply" "ddply" "change_solvent" "structure" "+.Solution" "Reduce" "parse_metadata" 
"anyDuplicated" "[<-.data.frame" "[<-" "names.indexed" "names" "names" "llply" "ldply" "ddply" "add_compounds" "structure" "+.Solution" "Reduce" "parse_metadata" 
"id_var" "id" "splitter_d" "ddply" "change_solvent" "structure" "+.Solution" "Reduce" "parse_metadata" 
"match" "as.data.frame.data.frame" "as.data.frame" "data.frame" "cbind" "cbind" "unrowname" "list_to_dataframe" "ldply" "ddply" "change_solvent" "structure" "+.Solution" "Reduce" "parse_metadata" 
"eval.quoted" "splitter_d" "ddply" "change_solvent" "structure" "+.Solution" "Reduce" "parse_metadata" 
".row_names_info" "data.frame" ".fun" "<Anonymous>" ".Call" "loop_apply" "llply" "ldply" "ddply" "add_compounds" "structure" "+.Solution" "Reduce" "parse_metadata" 
"as.list" "data.frame" "cbind" "cbind" "unrowname" "list_to_dataframe" "ldply" "ddply" "change_solvent" "structure" "+.Solution" "Reduce" "parse_metadata" 
"isBaseNamespace" "getExportedValue" "::" "match.fun" "lapply" "unlist" "unique" "output_template" "rbind.fill" "list_to_dataframe" "ldply" "ddply" "add_compounds" "structure" "+.Solution" "Reduce" "parse_metadata" 
"rbind" "rbind" "change_solvent" "structure" "+.Solution" "Reduce" "parse_metadata" 
"deparse" "mode" "match" "%in%" "deparse" "paste" "force" "as.data.frame.numeric" "as.data.frame" "data.frame" "rbind" "rbind_compounds" "add_compounds" "structure" "+.Solution" "Reduce" "parse_metadata" 
"FUN" "lapply" "unlist" "list_to_dataframe" "ldply" "ddply" "change_solvent" "structure" "+.Solution" "Reduce" "parse_metadata" 
"rbind" "rbind" "change_solvent" "structure" "+.Solution" "Reduce" "parse_metadata" 
"dim" "dim" "llply" "ldply" "ddply" "change_solvent" "structure" "+.Solution" "Reduce" "parse_metadata" 
"[.data.frame" "[" "list_to_dataframe" "ldply" "ddply" "change_solvent" "structure" "+.Solution" "Reduce" "parse_metadata" 
".deparseOpts" "deparse" "mode" "match" "%in%" "deparse" "as.data.frame.character" "as.data.frame" "data.frame" ".fun" "<Anonymous>" ".Call" "loop_apply" "llply" "ldply" "ddply" "add_compounds" "structure" "+.Solution" "Reduce" "parse_metadata" 
"rbind" "rbind" "rbind_compounds" "add_compounds" "structure" "+.Solution" "Reduce" "parse_metadata" 
"length" "length" "data.frame" ".fun" "<Anonymous>" ".Call" "loop_apply" "llply" "ldply" "ddply" "change_solvent" "structure" "+.Solution" "Reduce" "parse_metadata" 
"unique.default" "unique" "sort" "id_var" "id" "splitter_d" "ddply" "change_solvent" "structure" "+.Solution" "Reduce" "parse_metadata" 
"as.data.frame.character" "as.data.frame" "data.frame" ".fun" "<Anonymous>" ".Call" "loop_apply" "llply" "ldply" "ddply" "add_compounds" "structure" "+.Solution" "Reduce" "parse_metadata" 
"create_progress_bar" "llply" "ldply" "ddply" "change_solvent" "structure" "+.Solution" "Reduce" "parse_metadata" 
"$" "data.frame" ".fun" "<Anonymous>" ".Call" "loop_apply" "llply" "ldply" "ddply" "add_compounds" "structure" "+.Solution" "Reduce" "parse_metadata" 
"Reduce" "parse_metadata" 
"as.list" "lapply" "unlist" "names.quoted" "names" "names" "eval.quoted" "splitter_d" "ddply" "change_solvent" "structure" "+.Solution" "Reduce" "parse_metadata" 
"deparse" "mode" "match" "%in%" "deparse" "paste" "force" "as.data.frame.numeric" "as.data.frame" "data.frame" ".fun" "<Anonymous>" ".Call" "loop_apply" "llply" "ldply" "ddply" "add_compounds" "structure" "+.Solution" "Reduce" "parse_metadata" 
"as.data.frame" "data.frame" "rbind" "rbind_compounds" "add_compounds" "structure" "+.Solution" "Reduce" "parse_metadata" 
"pmatch" ".deparseOpts" "deparse" "paste" "FUN" "lapply" "unlist" "names.quoted" "names" "names" "eval.quoted" "splitter_d" "ddply" "change_solvent" "structure" "+.Solution" "Reduce" "parse_metadata" 
"as.list.default" "as.list" "data.frame" ".fun" "<Anonymous>" ".Call" "loop_apply" "llply" "ldply" "ddply" "add_compounds" "structure" "+.Solution" "Reduce" "parse_metadata" 
"[.data.frame" "[" "list_to_dataframe" "ldply" "ddply" "add_compounds" "structure" "+.Solution" "Reduce" "parse_metadata" 
"data.frame" ".fun" "<Anonymous>" ".Call" "loop_apply" "llply" "ldply" "ddply" "add_compounds" "structure" "+.Solution" "Reduce" "parse_metadata" 
"FUN" "lapply" "unlist" "list_to_dataframe" "ldply" "ddply" "add_compounds" "structure" "+.Solution" "Reduce" "parse_metadata" 
"rbind.fill" "list_to_dataframe" "ldply" "ddply" "change_solvent" "structure" "+.Solution" "Reduce" "parse_metadata" 
"ldply" "ddply" "add_compounds" "structure" "+.Solution" "Reduce" "parse_metadata" 
".set_row_names" "as.data.frame.numeric" "as.data.frame" "data.frame" ".fun" "<Anonymous>" ".Call" "loop_apply" "llply" "ldply" "ddply" "add_compounds" "structure" "+.Solution" "Reduce" "parse_metadata" 
"attr" "data.frame" "cbind" "cbind" "unrowname" "list_to_dataframe" "ldply" "ddply" "change_solvent" "structure" "+.Solution" "Reduce" "parse_metadata" 
"sys.parent" "sys.call" "match.call" "stopifnot" "quickdf" "split_labels" "splitter_d" "ddply" "add_compounds" "structure" "+.Solution" "Reduce" "parse_metadata" 
"unlist" "order" "split_labels" "splitter_d" "ddply" "add_compounds" "structure" "+.Solution" "Reduce" "parse_metadata" 
"as.list.default" "as.list" "data.frame" ".fun" "<Anonymous>" ".Call" "loop_apply" "llply" "ldply" "ddply" "change_solvent" "structure" "+.Solution" "Reduce" "parse_metadata" 
"deparse" "paste" "force" "as.data.frame.numeric" "as.data.frame" "data.frame" "rbind" "change_solvent" "structure" "+.Solution" "Reduce" "parse_metadata" 
"rbind_compounds" "add_compounds" "structure" "+.Solution" "Reduce" "parse_metadata" 
"as.data.frame.vector" "as.data.frame.character" "as.data.frame" "data.frame" ".fun" "<Anonymous>" ".Call" "loop_apply" "llply" "ldply" "ddply" "add_compounds" "structure" "+.Solution" "Reduce" "parse_metadata" 
"data.frame" "rbind" "change_solvent" "structure" "+.Solution" "Reduce" "parse_metadata" 
"$" "data.frame" "rbind" "rbind_compounds" "add_compounds" "structure" "+.Solution" "Reduce" "parse_metadata" 
"make.names" "data.frame" "rbind" "change_solvent" "structure" "+.Solution" "Reduce" "parse_metadata" 
"as.list" "structure" "." "as.quoted" "ddply" "add_compounds" "structure" "+.Solution" "Reduce" "parse_metadata" 
"levels" "rbind" "rbind" "rbind_compounds" "add_compounds" "structure" "+.Solution" "Reduce" "parse_metadata" 
"unlist" "list_to_dataframe" "ldply" "ddply" "add_compounds" "structure" "+.Solution" "Reduce" "parse_metadata" 
"any" ".deparseOpts" "deparse" "mode" "match" "%in%" "deparse" "paste" "force" "as.data.frame.numeric" "as.data.frame" "data.frame" "rbind" "rbind_compounds" "add_compounds" "structure" "+.Solution" "Reduce" "parse_metadata" 
"lapply" "unlist" "rbind.fill" "list_to_dataframe" "ldply" "ddply" "add_compounds" "structure" "+.Solution" "Reduce" "parse_metadata" 
"structure" "[.data.frame" "[" "list_to_dataframe" "ldply" "ddply" "change_solvent" "structure" "+.Solution" "Reduce" "parse_metadata" 
"rbind" "rbind" "rbind_compounds" "add_compounds" "structure" "+.Solution" "Reduce" "parse_metadata" 
"<Anonymous>" ".Call" "loop_apply" "llply" "ldply" "ddply" "add_compounds" "structure" "+.Solution" "Reduce" "parse_metadata" 
"unrowname" "list_to_dataframe" "ldply" "ddply" "change_solvent" "structure" "+.Solution" "Reduce" "parse_metadata" 
"match.fun" "lapply" "unlist" "list_to_dataframe" "ldply" "ddply" "add_compounds" "structure" "+.Solution" "Reduce" "parse_metadata" 
"pmatch" ".deparseOpts" "deparse" "mode" "match" "%in%" "deparse" "paste" "force" "as.data.frame.numeric" "as.data.frame" "data.frame" "rbind" "rbind_compounds" "add_compounds" "structure" "+.Solution" "Reduce" "parse_metadata" 
"match.fun" "lapply" "lapply" "unlist" "unique" "quickdf" "split_labels" "splitter_d" "ddply" "change_solvent" "structure" "+.Solution" "Reduce" "parse_metadata" 
"rbind" "rbind" "rbind_compounds" "add_compounds" "structure" "+.Solution" "Reduce" "parse_metadata" 
"deparse" "paste" "force" "as.data.frame.numeric" "as.data.frame" "data.frame" "rbind" "rbind_compounds" "add_compounds" "structure" "+.Solution" "Reduce" "parse_metadata" 
"attr" "eval.quoted" "splitter_d" "ddply" "change_solvent" "structure" "+.Solution" "Reduce" "parse_metadata" 
"rbind" "rbind" "change_solvent" "structure" "+.Solution" "Reduce" "parse_metadata" 
".deparseOpts" "deparse" "mode" "match" "%in%" "deparse" "paste" "force" "as.data.frame.numeric" "as.data.frame" "data.frame" "rbind" "change_solvent" "structure" "+.Solution" "Reduce" "parse_metadata" 
"dim" "dim" "nrow" "stopifnot" "list_to_dataframe" "ldply" "ddply" "add_compounds" "structure" "+.Solution" "Reduce" "parse_metadata" 
"id" "splitter_d" "ddply" "add_compounds" "structure" "+.Solution" "Reduce" "parse_metadata" 
"attr<-" "quickdf" "split_labels" "splitter_d" "ddply" "change_solvent" "structure" "+.Solution" "Reduce" "parse_metadata" 
"[.data.frame" "[" "list_to_dataframe" "ldply" "ddply" "add_compounds" "structure" "+.Solution" "Reduce" "parse_metadata" 
"paste" "make_names" "quickdf" "split_labels" "splitter_d" "ddply" "add_compounds" "structure" "+.Solution" "Reduce" "parse_metadata" 
"data.frame" "cbind" "cbind" "unrowname" "list_to_dataframe" "ldply" "ddply" "add_compounds" "structure" "+.Solution" "Reduce" "parse_metadata" 
"extract_rows" "[[.indexed_df" "[[" "<Anonymous>" ".Call" "loop_apply" "llply" "ldply" "ddply" "add_compounds" "structure" "+.Solution" "Reduce" "parse_metadata" 
".row_names_info" "data.frame" "rbind" "rbind_compounds" "add_compounds" "structure" "+.Solution" "Reduce" "parse_metadata" 
"!=" "id" "splitter_d" "ddply" "change_solvent" "structure" "+.Solution" "Reduce" "parse_metadata" 
"rbind" "rbind" "rbind_compounds" "add_compounds" "structure" "+.Solution" "Reduce" "parse_metadata" 
"[[.data.frame" "[[" "rbind.fill" "list_to_dataframe" "ldply" "ddply" "add_compounds" "structure" "+.Solution" "Reduce" "parse_metadata" 
"data.frame" "rbind" "rbind_compounds" "add_compounds" "structure" "+.Solution" "Reduce" "parse_metadata" 
"unlist" "data.frame" ".fun" "<Anonymous>" ".Call" "loop_apply" "llply" "ldply" "ddply" "add_compounds" "structure" "+.Solution" "Reduce" "parse_metadata" 
"quickdf" "rbind.fill" "list_to_dataframe" "ldply" "ddply" "add_compounds" "structure" "+.Solution" "Reduce" "parse_metadata" 
"match" "%in%" "structure" "." "as.quoted" "ddply" "add_compounds" "structure" "+.Solution" "Reduce" "parse_metadata" 
"rbind" "rbind" "change_solvent" "structure" "+.Solution" "Reduce" "parse_metadata" 
"vapply" "rbind" "rbind" "rbind_compounds" "add_compounds" "structure" "+.Solution" "Reduce" "parse_metadata" 
"exists" "create_progress_bar" "llply" "ldply" "ddply" "change_solvent" "structure" "+.Solution" "Reduce" "parse_metadata" 
"vapply" "list_to_dataframe" "ldply" "ddply" "change_solvent" "structure" "+.Solution" "Reduce" "parse_metadata" 
"vector" "llply" "ldply" "ddply" "add_compounds" "structure" "+.Solution" "Reduce" "parse_metadata" 
"unique" "setdiff" "list_to_dataframe" "ldply" "ddply" "add_compounds" "structure" "+.Solution" "Reduce" "parse_metadata" 
"==" "rbind.fill" "list_to_dataframe" "ldply" "ddply" "add_compounds" "structure" "+.Solution" "Reduce" "parse_metadata" 
"pmatch" ".deparseOpts" "deparse" "mode" "match" "%in%" "deparse" "paste" "force" "as.data.frame.numeric" "as.data.frame" "data.frame" "rbind" "rbind_compounds" "add_compounds" "structure" "+.Solution" "Reduce" "parse_metadata" 
"rbind" "rbind" "rbind_compounds" "add_compounds" "structure" "+.Solution" "Reduce" "parse_metadata" 
"match" "as.data.frame.data.frame" "as.data.frame" "data.frame" "rbind" "rbind_compounds" "add_compounds" "structure" "+.Solution" "Reduce" "parse_metadata" 
"[" "list_to_dataframe" "ldply" "ddply" "add_compounds" "structure" "+.Solution" "Reduce" "parse_metadata" 
"llply" "ldply" "ddply" "add_compounds" "structure" "+.Solution" "Reduce" "parse_metadata" 
"rbind" "rbind" "rbind_compounds" "add_compounds" "structure" "+.Solution" "Reduce" "parse_metadata" 
"length" "splitter_d" "ddply" "add_compounds" "structure" "+.Solution" "Reduce" "parse_metadata" 
"inherits" "rbind" "rbind" "change_solvent" "structure" "+.Solution" "Reduce" "parse_metadata" 
"data.frame" "cbind" "cbind" "unrowname" "list_to_dataframe" "ldply" "ddply" "add_compounds" "structure" "+.Solution" "Reduce" "parse_metadata" 
"integer" "data.frame" "rbind" "rbind_compounds" "add_compounds" "structure" "+.Solution" "Reduce" "parse_metadata" 
".fun" "<Anonymous>" ".Call" "loop_apply" "llply" "ldply" "ddply" "add_compounds" "structure" "+.Solution" "Reduce" "parse_metadata" 
"attr" "levels.default" "levels" "rbind" "rbind" "rbind_compounds" "add_compounds" "structure" "+.Solution" "Reduce" "parse_metadata" 
"as.list" "lapply" "names.indexed" "names" "names" "llply" "ldply" "ddply" "add_compounds" "structure" "+.Solution" "Reduce" "parse_metadata" 
"lapply" "unlist" "order" "[<-.data.frame" "[<-" "names.indexed" "names" "names" "llply" "ldply" "ddply" "add_compounds" "structure" "+.Solution" "Reduce" "parse_metadata" 
"sort.default" "sort" "id_var" "id" "splitter_d" "ddply" "change_solvent" "structure" "+.Solution" "Reduce" "parse_metadata" 
"inherits" "ldply" "ddply" "change_solvent" "structure" "+.Solution" "Reduce" "parse_metadata" 
"anyDuplicated" "[.data.frame" "[" "list_to_dataframe" "ldply" "ddply" "change_solvent" "structure" "+.Solution" "Reduce" "parse_metadata" 
"nrow" "stopifnot" "list_to_dataframe" "ldply" "ddply" "add_compounds" "structure" "+.Solution" "Reduce" "parse_metadata" 
"rbind" "rbind" "rbind_compounds" "add_compounds" "structure" "+.Solution" "Reduce" "parse_metadata" 
"Reduce" "parse_metadata" 
"sort.int" "sort.default" "sort" "id_var" "id" "splitter_d" "ddply" "add_compounds" "structure" "+.Solution" "Reduce" "parse_metadata" 
"pmatch" ".deparseOpts" "deparse" "paste" "force" "as.data.frame.numeric" "as.data.frame" "data.frame" "rbind" "rbind_compounds" "add_compounds" "structure" "+.Solution" "Reduce" "parse_metadata" 
"unlist" "data.frame" "rbind" "rbind_compounds" "add_compounds" "structure" "+.Solution" "Reduce" "parse_metadata" 
"list_to_dataframe" "ldply" "ddply" "change_solvent" "structure" "+.Solution" "Reduce" "parse_metadata" 
"$" "solution<-.well" "solution<-" "parse_metadata" 
"output_template" "rbind.fill" "list_to_dataframe" "ldply" "ddply" "add_compounds" "structure" "+.Solution" "Reduce" "parse_metadata" 
"c" "match" "%in%" "deparse" "mode" "match" "%in%" "deparse" "paste" "force" "as.data.frame.numeric" "as.data.frame" "data.frame" "rbind" "rbind_compounds" "add_compounds" "structure" "+.Solution" "Reduce" "parse_metadata" 
"data.frame" "cbind" "cbind" "unrowname" "list_to_dataframe" "ldply" "ddply" "change_solvent" "structure" "+.Solution" "Reduce" "parse_metadata" 
"cbind" "cbind" "unrowname" "list_to_dataframe" "ldply" "ddply" "add_compounds" "structure" "+.Solution" "Reduce" "parse_metadata" 
"seq.default" "seq" "rbind.fill" "list_to_dataframe" "ldply" "ddply" "add_compounds" "structure" "+.Solution" "Reduce" "parse_metadata" 
"length" "length" "dim.data.frame" "dim" "dim" "FUN" "lapply" "unlist" "list_to_dataframe" "ldply" "ddply" "change_solvent" "structure" "+.Solution" "Reduce" "parse_metadata" 
"make.names" "data.frame" ".fun" "<Anonymous>" ".Call" "loop_apply" "llply" "ldply" "ddply" "add_compounds" "structure" "+.Solution" "Reduce" "parse_metadata" 
"rbind" "rbind" "change_solvent" "structure" "+.Solution" "Reduce" "parse_metadata" 
"paste" "FUN" "lapply" "unlist" "names.quoted" "names" "names" "eval.quoted" "splitter_d" "ddply" "add_compounds" "structure" "+.Solution" "Reduce" "parse_metadata" 
"attr" "id_var" "id" "splitter_d" "ddply" "add_compounds" "structure" "+.Solution" "Reduce" "parse_metadata" 
"names" "names" "extract_rows" "[[.indexed_df" "[[" "<Anonymous>" ".Call" "loop_apply" "llply" "ldply" "ddply" "add_compounds" "structure" "+.Solution" "Reduce" "parse_metadata" 
"lapply" "extract_rows" "[[.indexed_df" "[[" "<Anonymous>" ".Call" "loop_apply" "llply" "ldply" "ddply" "change_solvent" "structure" "+.Solution" "Reduce" "parse_metadata" 
"paste" "make_names" "quickdf" "rbind.fill" "list_to_dataframe" "ldply" "ddply" "add_compounds" "structure" "+.Solution" "Reduce" "parse_metadata" 
"mode" "match" "%in%" "deparse" "paste" "force" "as.data.frame.numeric" "as.data.frame" "data.frame" ".fun" "<Anonymous>" ".Call" "loop_apply" "llply" "ldply" "ddply" "add_compounds" "structure" "+.Solution" "Reduce" "parse_metadata" 
"deparse" "paste" "force" "as.data.frame.numeric" "as.data.frame" "data.frame" ".fun" "<Anonymous>" ".Call" "loop_apply" "llply" "ldply" "ddply" "add_compounds" "structure" "+.Solution" "Reduce" "parse_metadata" 
"lapply" "unlist" "order" "[<-.data.frame" "[<-" "names.indexed" "names" "names" "llply" "ldply" "ddply" "add_compounds" "structure" "+.Solution" "Reduce" "parse_metadata" 
"structure" "+.Solution" "Reduce" "parse_metadata" 
"rbind" "rbind" "rbind_compounds" "add_compounds" "structure" "+.Solution" "Reduce" "parse_metadata" 
"as.list.default" "as.list" "data.frame" "cbind" "cbind" "unrowname" "list_to_dataframe" "ldply" "ddply" "change_solvent" "structure" "+.Solution" "Reduce" "parse_metadata" 
"rbind" "rbind" "rbind_compounds" "add_compounds" "structure" "+.Solution" "Reduce" "parse_metadata" 
"as.list" "data.frame" "rbind" "rbind_compounds" "add_compounds" "structure" "+.Solution" "Reduce" "parse_metadata" 
"deparse" "paste" "force" "as.data.frame.numeric" "as.data.frame" "data.frame" "rbind" "change_solvent" "structure" "+.Solution" "Reduce" "parse_metadata" 
"[<-.data.frame" "[<-" "names.indexed" "names" "names" "llply" "ldply" "ddply" "change_solvent" "structure" "+.Solution" "Reduce" "parse_metadata" 
"change_solvent" "structure" "+.Solution" "Reduce" "parse_metadata" 
"[.data.frame" "[" "list_to_dataframe" "ldply" "ddply" "change_solvent" "structure" "+.Solution" "Reduce" "parse_metadata" 
"match.call" "stopifnot" "splitter_d" "ddply" "change_solvent" "structure" "+.Solution" "Reduce" "parse_metadata" 
"eval.quoted" "splitter_d" "ddply" "add_compounds" "structure" "+.Solution" "Reduce" "parse_metadata" 
"$" ".fun" "<Anonymous>" ".Call" "loop_apply" "llply" "ldply" "ddply" "add_compounds" "structure" "+.Solution" "Reduce" "parse_metadata" 
"sys.call" "match" "%in%" "[<-.data.frame" "[<-" "names.indexed" "names" "names" "llply" "ldply" "ddply" "change_solvent" "structure" "+.Solution" "Reduce" "parse_metadata" 
"deparse" "paste" "force" "as.data.frame.numeric" "as.data.frame" "data.frame" "rbind" "rbind_compounds" "add_compounds" "structure" "+.Solution" "Reduce" "parse_metadata" 
"structure" "[.data.frame" "[" "list_to_dataframe" "ldply" "ddply" "change_solvent" "structure" "+.Solution" "Reduce" "parse_metadata" 
"rbind" "rbind" "rbind_compounds" "add_compounds" "structure" "+.Solution" "Reduce" "parse_metadata" 
"as.data.frame" "data.frame" "cbind" "cbind" "unrowname" "list_to_dataframe" "ldply" "ddply" "add_compounds" "structure" "+.Solution" "Reduce" "parse_metadata" 
"match" "%in%" "deparse" "mode" "match" "%in%" "deparse" "as.data.frame.character" "as.data.frame" "data.frame" ".fun" "<Anonymous>" ".Call" "loop_apply" "llply" "ldply" "ddply" "add_compounds" "structure" "+.Solution" "Reduce" "parse_metadata" 
"data.frame" "rbind" "change_solvent" "structure" "+.Solution" "Reduce" "parse_metadata" 
"FUN" "FUN" "vapply" "rbind" "rbind" "rbind_compounds" "add_compounds" "structure" "+.Solution" "Reduce" "parse_metadata" 
"anyDuplicated" "[.data.frame" "[" "list_to_dataframe" "ldply" "ddply" "change_solvent" "structure" "+.Solution" "Reduce" "parse_metadata" 
"unique.default" "unique" "sort" "id_var" "id" "splitter_d" "ddply" "add_compounds" "structure" "+.Solution" "Reduce" "parse_metadata" 
"$" "is.data.frame" "extract_rows" "[[.indexed_df" "[[" "<Anonymous>" ".Call" "loop_apply" "llply" "ldply" "ddply" "add_compounds" "structure" "+.Solution" "Reduce" "parse_metadata" 
"$" "solution<-.well" "solution<-" "parse_metadata" 
"structure" "." "as.quoted" "ddply" "add_compounds" "structure" "+.Solution" "Reduce" "parse_metadata" 
"structure" "id_var" "id" "splitter_d" "ddply" "add_compounds" "structure" "+.Solution" "Reduce" "parse_metadata" 
"anyDuplicated" "data.frame" "cbind" "cbind" "unrowname" "list_to_dataframe" "ldply" "ddply" "change_solvent" "structure" "+.Solution" "Reduce" "parse_metadata" 
"unique" "quickdf" "split_labels" "splitter_d" "ddply" "change_solvent" "structure" "+.Solution" "Reduce" "parse_metadata" 
"data.frame" ".fun" "<Anonymous>" ".Call" "loop_apply" "llply" "ldply" "ddply" "change_solvent" "structure" "+.Solution" "Reduce" "parse_metadata" 
"ldply" "ddply" "change_solvent" "structure" "+.Solution" "Reduce" "parse_metadata" 
"output_template" "rbind.fill" "list_to_dataframe" "ldply" "ddply" "add_compounds" "structure" "+.Solution" "Reduce" "parse_metadata" 
"rbind.fill" "list_to_dataframe" "ldply" "ddply" "change_solvent" "structure" "+.Solution" "Reduce" "parse_metadata" 
"any" ".deparseOpts" "deparse" "paste" "FUN" "lapply" "unlist" "names.quoted" "names" "names" "eval.quoted" "splitter_d" "ddply" "add_compounds" "structure" "+.Solution" "Reduce" "parse_metadata" 
"$" "data.frame" ".fun" "<Anonymous>" ".Call" "loop_apply" "llply" "ldply" "ddply" "add_compounds" "structure" "+.Solution" "Reduce" "parse_metadata" 
"nrow" "integer" "data.frame" "rbind" "rbind_compounds" "add_compounds" "structure" "+.Solution" "Reduce" "parse_metadata" 
"id" "splitter_d" "ddply" "add_compounds" "structure" "+.Solution" "Reduce" "parse_metadata" 
"lapply" "unlist" "list_to_dataframe" "ldply" "ddply" "change_solvent" "structure" "+.Solution" "Reduce" "parse_metadata" 
"order" "split_labels" "splitter_d" "ddply" "add_compounds" "structure" "+.Solution" "Reduce" "parse_metadata" 
"rbind" "rbind" "change_solvent" "structure" "+.Solution" "Reduce" "parse_metadata" 
"seq.int" "rbind" "rbind" "rbind_compounds" "add_compounds" "structure" "+.Solution" "Reduce" "parse_metadata" 
"data.frame" ".fun" "<Anonymous>" ".Call" "loop_apply" "llply" "ldply" "ddply" "add_compounds" "structure" "+.Solution" "Reduce" "parse_metadata" 
"as.list.default" "as.list" "lapply" "unlist" "splitter_d" "ddply" "add_compounds" "structure" "+.Solution" "Reduce" "parse_metadata" 
"[<-.data.frame" "[<-" "names.indexed" "names" "names" "llply" "ldply" "ddply" "add_compounds" "structure" "+.Solution" "Reduce" "parse_metadata" 
"as.list" "lapply" "unlist" "splitter_d" "ddply" "add_compounds" "structure" "+.Solution" "Reduce" "parse_metadata" 
"[<-.data.frame" "[<-" "names.indexed" "names" "names" "llply" "ldply" "ddply" "change_solvent" "structure" "+.Solution" "Reduce" "parse_metadata" 
"rbind" "rbind" "change_solvent" "structure" "+.Solution" "Reduce" "parse_metadata" 
"%in%" "deparse" "mode" "match" "%in%" "deparse" "as.data.frame.character" "as.data.frame" "data.frame" ".fun" "<Anonymous>" ".Call" "loop_apply" "llply" "ldply" "ddply" "add_compounds" "structure" "+.Solution" "Reduce" "parse_metadata" 
"anyDuplicated.default" "anyDuplicated" "[<-.data.frame" "[<-" "names.indexed" "names" "names" "llply" "ldply" "ddply" "add_compounds" "structure" "+.Solution" "Reduce" "parse_metadata" 
"rbind" "rbind" "rbind_compounds" "add_compounds" "structure" "+.Solution" "Reduce" "parse_metadata" 
"as.data.frame.numeric" "as.data.frame" "data.frame" "rbind" "change_solvent" "structure" "+.Solution" "Reduce" "parse_metadata" 
"data.frame" ".fun" "<Anonymous>" ".Call" "loop_apply" "llply" "ldply" "ddply" "add_compounds" "structure" "+.Solution" "Reduce" "parse_metadata" 
"llply" "ldply" "ddply" "add_compounds" "structure" "+.Solution" "Reduce" "parse_metadata" 
"as.data.frame" "data.frame" "rbind" "rbind_compounds" "add_compounds" "structure" "+.Solution" "Reduce" "parse_metadata" 
"unlist" "list_to_dataframe" "ldply" "ddply" "change_solvent" "structure" "+.Solution" "Reduce" "parse_metadata" 
"identical" "Make.row.names" "rbind" "rbind" "rbind_compounds" "add_compounds" "structure" "+.Solution" "Reduce" "parse_metadata" 
".row_names_info" "data.frame" "rbind" "change_solvent" "structure" "+.Solution" "Reduce" "parse_metadata" 
"==" "stopifnot" "list_to_dataframe" "ldply" "ddply" "add_compounds" "structure" "+.Solution" "Reduce" "parse_metadata" 
"is.data.frame" "FUN" "vapply" "rbind" "rbind" "change_solvent" "structure" "+.Solution" "Reduce" "parse_metadata" 
"stopifnot" "splitter_d" "ddply" "change_solvent" "structure" "+.Solution" "Reduce" "parse_metadata" 
"split_indices" "splitter_d" "ddply" "add_compounds" "structure" "+.Solution" "Reduce" "parse_metadata" 
"as.list" "vapply" "list_to_dataframe" "ldply" "ddply" "add_compounds" "structure" "+.Solution" "Reduce" "parse_metadata" 
"data.frame" ".fun" "<Anonymous>" ".Call" "loop_apply" "llply" "ldply" "ddply" "change_solvent" "structure" "+.Solution" "Reduce" "parse_metadata" 
"as.data.frame" "data.frame" "rbind" "change_solvent" "structure" "+.Solution" "Reduce" "parse_metadata" 
"rbind" "rbind" "rbind_compounds" "add_compounds" "structure" "+.Solution" "Reduce" "parse_metadata" 
"unlist" "list_to_dataframe" "ldply" "ddply" "change_solvent" "structure" "+.Solution" "Reduce" "parse_metadata" 
"any" ".deparseOpts" "deparse" "mode" "match" "%in%" "deparse" "paste" "force" "as.data.frame.numeric" "as.data.frame" "data.frame" "rbind" "change_solvent" "structure" "+.Solution" "Reduce" "parse_metadata" 
"is.data.frame" "extract_rows" "[[.indexed_df" "[[" "<Anonymous>" ".Call" "loop_apply" "llply" "ldply" "ddply" "add_compounds" "structure" "+.Solution" "Reduce" "parse_metadata" 
"make.names" "data.frame" "rbind" "rbind_compounds" "add_compounds" "structure" "+.Solution" "Reduce" "parse_metadata" 
"is.null" "FUN" "lapply" "extract_rows" "[[.indexed_df" "[[" "<Anonymous>" ".Call" "loop_apply" "llply" "ldply" "ddply" "add_compounds" "structure" "+.Solution" "Reduce" "parse_metadata" 
"[[" "solution<-.well" "solution<-" "parse_metadata" 
"c" "structure" "id_var" "id" "splitter_d" "ddply" "add_compounds" "structure" "+.Solution" "Reduce" "parse_metadata" 
"match" "%in%" "deparse" "mode" "match" "%in%" "deparse" "paste" "force" "as.data.frame.numeric" "as.data.frame" "data.frame" ".fun" "<Anonymous>" ".Call" "loop_apply" "llply" "ldply" "ddply" "change_solvent" "structure" "+.Solution" "Reduce" "parse_metadata" 
"rbind" "rbind" "rbind_compounds" "add_compounds" "structure" "+.Solution" "Reduce" "parse_metadata" 
"rbind.fill" "list_to_dataframe" "ldply" "ddply" "add_compounds" "structure" "+.Solution" "Reduce" "parse_metadata" 
"names" "names" "[.data.frame" "[" "list_to_dataframe" "ldply" "ddply" "change_solvent" "structure" "+.Solution" "Reduce" "parse_metadata" 
"structure" "splitter_d" "ddply" "change_solvent" "structure" "+.Solution" "Reduce" "parse_metadata" 
"unique" "sort" "id_var" "id" "splitter_d" "ddply" "add_compounds" "structure" "+.Solution" "Reduce" "parse_metadata" 
"as.data.frame" "data.frame" ".fun" "<Anonymous>" ".Call" "loop_apply" "llply" "ldply" "ddply" "change_solvent" "structure" "+.Solution" "Reduce" "parse_metadata" 
"[.data.frame" "[" "list_to_dataframe" "ldply" "ddply" "add_compounds" "structure" "+.Solution" "Reduce" "parse_metadata" 
"rbind" "rbind" "rbind_compounds" "add_compounds" "structure" "+.Solution" "Reduce" "parse_metadata" 
"names" "names" "data.frame" "rbind" "rbind_compounds" "add_compounds" "structure" "+.Solution" "Reduce" "parse_metadata" 
"dim" "dim" "nrow" "integer" "data.frame" "rbind" "rbind_compounds" "add_compounds" "structure" "+.Solution" "Reduce" "parse_metadata" 
"FUN" "FUN" "vapply" "rbind" "rbind" "change_solvent" "structure" "+.Solution" "Reduce" "parse_metadata" 
"id_var" "id" "splitter_d" "ddply" "change_solvent" "structure" "+.Solution" "Reduce" "parse_metadata" 
"as.list" "lapply" "names.indexed" "names" "names" "llply" "ldply" "ddply" "add_compounds" "structure" "+.Solution" "Reduce" "parse_metadata" 
"unlist" "data.frame" "rbind" "rbind_compounds" "add_compounds" "structure" "+.Solution" "Reduce" "parse_metadata" 
"exists" "create_progress_bar" "llply" "ldply" "ddply" "change_solvent" "structure" "+.Solution" "Reduce" "parse_metadata" 
"paste" "make_names" "quickdf" "rbind.fill" "list_to_dataframe" "ldply" "ddply" "add_compounds" "structure" "+.Solution" "Reduce" "parse_metadata" 
"as.data.frame.data.frame" "as.data.frame" "data.frame" "cbind" "cbind" "unrowname" "list_to_dataframe" "ldply" "ddply" "add_compounds" "structure" "+.Solution" "Reduce" "parse_metadata" 
"[<-.data.frame" "[<-" "names.indexed" "names" "names" "llply" "ldply" "ddply" "add_compounds" "structure" "+.Solution" "Reduce" "parse_metadata" 
"[[" "<Anonymous>" ".Call" "loop_apply" "llply" "ldply" "ddply" "change_solvent" "structure" "+.Solution" "Reduce" "parse_metadata" 
"names" "names" "as.vector" "setdiff" "list_to_dataframe" "ldply" "ddply" "add_compounds" "structure" "+.Solution" "Reduce" "parse_metadata" 
"length" "data.frame" "cbind" "cbind" "unrowname" "list_to_dataframe" "ldply" "ddply" "change_solvent" "structure" "+.Solution" "Reduce" "parse_metadata" 
"is.numeric" "is.numeric" "eval.quoted" "splitter_d" "ddply" "change_solvent" "structure" "+.Solution" "Reduce" "parse_metadata" 
"==" "split_labels" "splitter_d" "ddply" "change_solvent" "structure" "+.Solution" "Reduce" "parse_metadata" 
"character" "data.frame" "cbind" "cbind" "unrowname" "list_to_dataframe" "ldply" "ddply" "add_compounds" "structure" "+.Solution" "Reduce" "parse_metadata" 
"rbind" "rbind" "rbind_compounds" "add_compounds" "structure" "+.Solution" "Reduce" "parse_metadata" 
"list" "structure" "indexed_df" "splitter_d" "ddply" "change_solvent" "structure" "+.Solution" "Reduce" "parse_metadata" 
"match" "%in%" "[[.data.frame" "[[" "rbind" "rbind" "change_solvent" "structure" "+.Solution" "Reduce" "parse_metadata" 
"FUN" "lapply" "unlist" "list_to_dataframe" "ldply" "ddply" "change_solvent" "structure" "+.Solution" "Reduce" "parse_metadata" 
"list_to_dataframe" "ldply" "ddply" "change_solvent" "structure" "+.Solution" "Reduce" "parse_metadata" 
"c" "dim.data.frame" "dim" "dim" "ncol" "extract_rows" "[[.indexed_df" "[[" "<Anonymous>" ".Call" "loop_apply" "llply" "ldply" "ddply" "add_compounds" "structure" "+.Solution" "Reduce" "parse_metadata" 
"data.frame" ".fun" "<Anonymous>" ".Call" "loop_apply" "llply" "ldply" "ddply" "change_solvent" "structure" "+.Solution" "Reduce" "parse_metadata" 
"match" "%in%" "structure" "splitter_d" "ddply" "add_compounds" "structure" "+.Solution" "Reduce" "parse_metadata" 
"[[" "FUN" "lapply" "unlist" "splitter_d" "ddply" "add_compounds" "structure" "+.Solution" "Reduce" "parse_metadata" 
"deparse" "mode" "match" "%in%" "deparse" "paste" "force" "as.data.frame.numeric" "as.data.frame" "data.frame" "rbind" "change_solvent" "structure" "+.Solution" "Reduce" "parse_metadata" 
"c" "do.call" "names.indexed" "names" "names" "llply" "ldply" "ddply" "add_compounds" "structure" "+.Solution" "Reduce" "parse_metadata" 
"list_to_dataframe" "ldply" "ddply" "change_solvent" "structure" "+.Solution" "Reduce" "parse_metadata" 
"data.frame" "cbind" "cbind" "unrowname" "list_to_dataframe" "ldply" "ddply" "add_compounds" "structure" "+.Solution" "Reduce" "parse_metadata" 
"as.data.frame.numeric" "as.data.frame" "data.frame" ".fun" "<Anonymous>" ".Call" "loop_apply" "llply" "ldply" "ddply" "change_solvent" "structure" "+.Solution" "Reduce" "parse_metadata" 
"quickdf" "split_labels" "splitter_d" "ddply" "change_solvent" "structure" "+.Solution" "Reduce" "parse_metadata" 
"[[" "rbind" "rbind" "change_solvent" "structure" "+.Solution" "Reduce" "parse_metadata" 
"extract_rows" "[[.indexed_df" "[[" "<Anonymous>" ".Call" "loop_apply" "llply" "ldply" "ddply" "add_compounds" "structure" "+.Solution" "Reduce" "parse_metadata" 
"length" "length" "dim.data.frame" "dim" "dim" "nrow" "integer" "data.frame" "rbind" "rbind_compounds" "add_compounds" "structure" "+.Solution" "Reduce" "parse_metadata" 
"rbind" "rbind" "change_solvent" "structure" "+.Solution" "Reduce" "parse_metadata" 
"seq_len" "data.frame" "rbind" "rbind_compounds" "add_compounds" "structure" "+.Solution" "Reduce" "parse_metadata" 
"structure" "splitter_d" "ddply" "add_compounds" "structure" "+.Solution" "Reduce" "parse_metadata" 
"length" "length" "splitter_d" "ddply" "change_solvent" "structure" "+.Solution" "Reduce" "parse_metadata" 
"unique" "setdiff" "list_to_dataframe" "ldply" "ddply" "add_compounds" "structure" "+.Solution" "Reduce" "parse_metadata" 
"." "as.quoted" "ddply" "change_solvent" "structure" "+.Solution" "Reduce" "parse_metadata" 
".deparseOpts" "deparse" "as.data.frame.character" "as.data.frame" "data.frame" ".fun" "<Anonymous>" ".Call" "loop_apply" "llply" "ldply" "ddply" "add_compounds" "structure" "+.Solution" "Reduce" "parse_metadata" 
"as.list.default" "as.list" "data.frame" "rbind" "rbind_compounds" "add_compounds" "structure" "+.Solution" "Reduce" "parse_metadata" 
"data.frame" "rbind" "change_solvent" "structure" "+.Solution" "Reduce" "parse_metadata" 
"is.matrix" "rbind" "rbind" "rbind_compounds" "add_compounds" "structure" "+.Solution" "Reduce" "parse_metadata" 
"match" "%in%" "deparse" "mode" "match" "%in%" "deparse" "paste" "force" "as.data.frame.numeric" "as.data.frame" "data.frame" ".fun" "<Anonymous>" ".Call" "loop_apply" "llply" "ldply" "ddply" "change_solvent" "structure" "+.Solution" "Reduce" "parse_metadata" 
"match.fun" "vapply" "Reduce" "parse_metadata" 
"levels" "rbind" "rbind" "change_solvent" "structure" "+.Solution" "Reduce" "parse_metadata" 
"rbind" "rbind" "change_solvent" "structure" "+.Solution" "Reduce" "parse_metadata" 
"rbind" "rbind" "rbind_compounds" "add_compounds" "structure" "+.Solution" "Reduce" "parse_metadata" 
"lapply" "solution.actionList" "solution" "solution.well" "solution" "Reduce" "parse_metadata" 
"data.frame" "rbind" "rbind_compounds" "add_compounds" "structure" "+.Solution" "Reduce" "parse_metadata" 
"deparse" "paste" "force" "as.data.frame.numeric" "as.data.frame" "data.frame" "rbind" "change_solvent" "structure" "+.Solution" "Reduce" "parse_metadata" 
"mode" "match" "%in%" "deparse" "paste" "force" "as.data.frame.numeric" "as.data.frame" "data.frame" "rbind" "rbind_compounds" "add_compounds" "structure" "+.Solution" "Reduce" "parse_metadata" 
"rbind" "rbind" "rbind_compounds" "add_compounds" "structure" "+.Solution" "Reduce" "parse_metadata" 
"paste" "FUN" "lapply" "unlist" "names.quoted" "names" "names" "eval.quoted" "splitter_d" "ddply" "add_compounds" "structure" "+.Solution" "Reduce" "parse_metadata" 
"<Anonymous>" "[[.data.frame" "[[" "[.data.frame" "[" "list_to_dataframe" "ldply" "ddply" "change_solvent" "structure" "+.Solution" "Reduce" "parse_metadata" 
"as.list" "structure" "." "as.quoted" "ddply" "change_solvent" "structure" "+.Solution" "Reduce" "parse_metadata" 
"c" "structure" "splitter_d" "ddply" "add_compounds" "structure" "+.Solution" "Reduce" "parse_metadata" 
".deparseOpts" "deparse" "mode" "match" "%in%" "deparse" "paste" "force" "as.data.frame.numeric" "as.data.frame" "data.frame" "rbind" "change_solvent" "structure" "+.Solution" "Reduce" "parse_metadata" 
"==" "splitter_d" "ddply" "add_compounds" "structure" "+.Solution" "Reduce" "parse_metadata" 
"getCallingDLLe" ".Call" "loop_apply" "llply" "ldply" "ddply" "change_solvent" "structure" "+.Solution" "Reduce" "parse_metadata" 
"make_names" "list_to_dataframe" "ldply" "ddply" "change_solvent" "structure" "+.Solution" "Reduce" "parse_metadata" 
"attr<-" "extract_rows" "[[.indexed_df" "[[" "<Anonymous>" ".Call" "loop_apply" "llply" "ldply" "ddply" "change_solvent" "structure" "+.Solution" "Reduce" "parse_metadata" 
"structure" "+.Solution" "Reduce" "parse_metadata" 
"rbind" "rbind" "rbind_compounds" "add_compounds" "structure" "+.Solution" "Reduce" "parse_metadata" 
"as.list.default" "as.list" "data.frame" "cbind" "cbind" "unrowname" "list_to_dataframe" "ldply" "ddply" "change_solvent" "structure" "+.Solution" "Reduce" "parse_metadata" 
"mode" "match" "%in%" "deparse" "mode" "match" "%in%" "deparse" "paste" "force" "as.data.frame.numeric" "as.data.frame" "data.frame" ".fun" "<Anonymous>" ".Call" "loop_apply" "llply" "ldply" "ddply" "change_solvent" "structure" "+.Solution" "Reduce" "parse_metadata" 
"as.list" "lapply" "unlist" "names.quoted" "names" "names" "eval.quoted" "splitter_d" "ddply" "add_compounds" "structure" "+.Solution" "Reduce" "parse_metadata" 
"length.indexed" "length" "length" "llply" "ldply" "ddply" "change_solvent" "structure" "+.Solution" "Reduce" "parse_metadata" 
"length" "length" "dim.data.frame" "dim" "dim" "ncol" "empty" "ddply" "add_compounds" "structure" "+.Solution" "Reduce" "parse_metadata" 
"attr" "data.frame" "cbind" "cbind" "unrowname" "list_to_dataframe" "ldply" "ddply" "change_solvent" "structure" "+.Solution" "Reduce" "parse_metadata" 
"anyDuplicated" "[.data.frame" "[" "list_to_dataframe" "ldply" "ddply" "add_compounds" "structure" "+.Solution" "Reduce" "parse_metadata" 
"as.data.frame.data.frame" "as.data.frame" "data.frame" "cbind" "cbind" "unrowname" "list_to_dataframe" "ldply" "ddply" "change_solvent" "structure" "+.Solution" "Reduce" "parse_metadata" 
"as.data.frame.numeric" "as.data.frame" "data.frame" "rbind" "rbind_compounds" "add_compounds" "structure" "+.Solution" "Reduce" "parse_metadata" 
"is.matrix" "is.matrix" "rbind" "rbind" "change_solvent" "structure" "+.Solution" "Reduce" "parse_metadata" 
"loop_apply" "llply" "ldply" "ddply" "add_compounds" "structure" "+.Solution" "Reduce" "parse_metadata" 
".Call" "loop_apply" "llply" "ldply" "ddply" "change_solvent" "structure" "+.Solution" "Reduce" "parse_metadata" 
"data.frame" "rbind" "change_solvent" "structure" "+.Solution" "Reduce" "parse_metadata" 
"list" "as.data.frame.numeric" "as.data.frame" "data.frame" "rbind" "rbind_compounds" "add_compounds" "structure" "+.Solution" "Reduce" "parse_metadata" 
"pmatch" ".deparseOpts" "deparse" "paste" "force" "as.data.frame.numeric" "as.data.frame" "data.frame" "rbind" "change_solvent" "structure" "+.Solution" "Reduce" "parse_metadata" 
"as.list" "structure" "." "as.quoted" "ddply" "change_solvent" "structure" "+.Solution" "Reduce" "parse_metadata" 
"unique" "setdiff" "list_to_dataframe" "ldply" "ddply" "change_solvent" "structure" "+.Solution" "Reduce" "parse_metadata" 
"sys.call" "match" "%in%" "[<-.data.frame" "[<-" "names.indexed" "names" "names" "llply" "ldply" "ddply" "add_compounds" "structure" "+.Solution" "Reduce" "parse_metadata" 
"c" "structure" "splitter_d" "ddply" "change_solvent" "structure" "+.Solution" "Reduce" "parse_metadata" 
"[.data.frame" "[" "list_to_dataframe" "ldply" "ddply" "change_solvent" "structure" "+.Solution" "Reduce" "parse_metadata" 
"unclass" "as.list.data.frame" "as.list" "lapply" "names.indexed" "names" "names" "llply" "ldply" "ddply" "add_compounds" "structure" "+.Solution" "Reduce" "parse_metadata" 
"extract_rows" "[[.indexed_df" "[[" "<Anonymous>" ".Call" "loop_apply" "llply" "ldply" "ddply" "add_compounds" "structure" "+.Solution" "Reduce" "parse_metadata" 
"$" "structure" "+.Solution" "Reduce" "parse_metadata" 
"names" "extract_rows" "[[.indexed_df" "[[" "<Anonymous>" ".Call" "loop_apply" "llply" "ldply" "ddply" "add_compounds" "structure" "+.Solution" "Reduce" "parse_metadata" 
"stopifnot" "split_indices" "splitter_d" "ddply" "change_solvent" "structure" "+.Solution" "Reduce" "parse_metadata" 
"length" "length" "data.frame" "rbind" "rbind_compounds" "add_compounds" "structure" "+.Solution" "Reduce" "parse_metadata" 
"integer" "data.frame" "rbind" "rbind_compounds" "add_compounds" "structure" "+.Solution" "Reduce" "parse_metadata" 
"quickdf" "split_labels" "splitter_d" "ddply" "change_solvent" "structure" "+.Solution" "Reduce" "parse_metadata" 
"c" "pmatch" ".deparseOpts" "deparse" "as.data.frame.character" "as.data.frame" "data.frame" ".fun" "<Anonymous>" ".Call" "loop_apply" "llply" "ldply" "ddply" "add_compounds" "structure" "+.Solution" "Reduce" "parse_metadata" 
"as.data.frame.numeric" "as.data.frame" "data.frame" ".fun" "<Anonymous>" ".Call" "loop_apply" "llply" "ldply" "ddply" "change_solvent" "structure" "+.Solution" "Reduce" "parse_metadata" 
"[[" "[.data.frame" "[" "list_to_dataframe" "ldply" "ddply" "add_compounds" "structure" "+.Solution" "Reduce" "parse_metadata" 
"pmatch" ".deparseOpts" "deparse" "mode" "match" "%in%" "deparse" "paste" "force" "as.data.frame.numeric" "as.data.frame" "data.frame" "rbind" "rbind_compounds" "add_compounds" "structure" "+.Solution" "Reduce" "parse_metadata" 
"[.data.frame" "[" "list_to_dataframe" "ldply" "ddply" "change_solvent" "structure" "+.Solution" "Reduce" "parse_metadata" 
"deparse" "mode" "match" "%in%" "deparse" "paste" "force" "as.data.frame.numeric" "as.data.frame" "data.frame" "rbind" "rbind_compounds" "add_compounds" "structure" "+.Solution" "Reduce" "parse_metadata" 
"rbind" "rbind" "rbind_compounds" "add_compounds" "structure" "+.Solution" "Reduce" "parse_metadata" 
"unlist" "data.frame" "rbind" "rbind_compounds" "add_compounds" "structure" "+.Solution" "Reduce" "parse_metadata" 
"$" "data.frame" ".fun" "<Anonymous>" ".Call" "loop_apply" "llply" "ldply" "ddply" "change_solvent" "structure" "+.Solution" "Reduce" "parse_metadata" 
"unlist" "data.frame" "rbind" "change_solvent" "structure" "+.Solution" "Reduce" "parse_metadata" 
"ncol" "extract_rows" "[[.indexed_df" "[[" "<Anonymous>" ".Call" "loop_apply" "llply" "ldply" "ddply" "change_solvent" "structure" "+.Solution" "Reduce" "parse_metadata" 
"abs" "data.frame" "cbind" "cbind" "unrowname" "list_to_dataframe" "ldply" "ddply" "change_solvent" "structure" "+.Solution" "Reduce" "parse_metadata" 
"[.data.frame" "[" "list_to_dataframe" "ldply" "ddply" "change_solvent" "structure" "+.Solution" "Reduce" "parse_metadata" 
"$" "data.frame" "rbind" "rbind_compounds" "add_compounds" "structure" "+.Solution" "Reduce" "parse_metadata" 
"unique" "order" "split_labels" "splitter_d" "ddply" "add_compounds" "structure" "+.Solution" "Reduce" "parse_metadata" 
"getCallingDLLe" ".Call" "split_indices" "splitter_d" "ddply" "add_compounds" "structure" "+.Solution" "Reduce" "parse_metadata" 
"anyDuplicated.default" "anyDuplicated" "[<-.data.frame" "[<-" "names.indexed" "names" "names" "llply" "ldply" "ddply" "change_solvent" "structure" "+.Solution" "Reduce" "parse_metadata" 
